#
# There is insufficient memory for the Java Runtime Environment to continue.
# Native memory allocation (malloc) failed to allocate 1065696 bytes. Error detail: Chunk::new
# Possible reasons:
#   The system is out of physical RAM or swap space
#   This process is running with CompressedOops enabled, and the Java Heap may be blocking the growth of the native heap
# Possible solutions:
#   Reduce memory load on the system
#   Increase physical memory or swap space
#   Check if swap backing store is full
#   Decrease Java heap size (-Xmx/-Xms)
#   Decrease number of Java threads
#   Decrease Java thread stack sizes (-Xss)
#   Set larger code cache with -XX:ReservedCodeCacheSize=
#   JVM is running with Unscaled Compressed Oops mode in which the Java heap is
#     placed in the first 4GB address space. The Java Heap base address is the
#     maximum limit for the native heap growth. Please use -XX:HeapBaseMinAddress
#     to set the Java Heap base and to place the Java Heap above 4GB virtual address.
# This output file may be truncated or incomplete.
#
#  Out of Memory Error (arena.cpp:191), pid=13032, tid=10352
#
# JRE version: OpenJDK Runtime Environment (17.0.11) (build 17.0.11+0--11852314)
# Java VM: OpenJDK 64-Bit Server VM (17.0.11+0--11852314, mixed mode, tiered, compressed oops, compressed class ptrs, g1 gc, windows-amd64)
# No core dump will be written. Minidumps are not enabled by default on client versions of Windows
#

---------------  S U M M A R Y ------------

Command Line: org.jetbrains.kotlin.cli.jvm.K2JVMCompiler @C:\Users\91775\AndroidStudioProjects\SafeBite2\app\build\20241119_2150025525213363299.compiler.options

Host: Intel(R) Core(TM) i5-6300U CPU @ 2.40GHz, 4 cores, 7G,  Windows 11 , 64 bit Build 22621 (10.0.22621.3958)
Time: Tue Nov 19 03:17:32 2024 India Standard Time elapsed time: 31.230930 seconds (0d 0h 0m 31s)

---------------  T H R E A D  ---------------

Current thread (0x00000154759d7d90):  JavaThread "C2 CompilerThread0" daemon [_thread_in_native, id=10352, stack(0x00000050c3300000,0x00000050c3400000)]


Current CompileTask:
C2:  31231 10432       4       org.jetbrains.kotlin.types.ClassifierBasedTypeConstructor::equals (103 bytes)

Stack: [0x00000050c3300000,0x00000050c3400000]
Native frames: (J=compiled Java code, j=interpreted, Vv=VM code, C=native code)
V  [jvm.dll+0x687bb9]
V  [jvm.dll+0x84142a]
V  [jvm.dll+0x8430ae]
V  [jvm.dll+0x843713]
V  [jvm.dll+0x24a35f]
V  [jvm.dll+0xac544]
V  [jvm.dll+0xacb8c]
V  [jvm.dll+0x369c37]
V  [jvm.dll+0x33416a]
V  [jvm.dll+0x33360a]
V  [jvm.dll+0x21bed1]
V  [jvm.dll+0x21b311]
V  [jvm.dll+0x1a63ed]
V  [jvm.dll+0x22b1ee]
V  [jvm.dll+0x229375]
V  [jvm.dll+0x7f5647]
V  [jvm.dll+0x7efa4a]
V  [jvm.dll+0x686a35]
C  [ucrtbase.dll+0x29333]
C  [KERNEL32.DLL+0x1257d]
C  [ntdll.dll+0x5af08]


---------------  P R O C E S S  ---------------

Threads class SMR info:
_java_thread_list=0x000001547a74fdd0, length=13, elements={
0x000001545c3598f0, 0x000001547587e270, 0x00000154759a01e0, 0x0000015475864340,
0x00000154758651c0, 0x00000154759d6630, 0x00000154759d6ff0, 0x00000154759d7d90,
0x00000154759d8840, 0x00000154759dd320, 0x0000015475b428b0, 0x0000015475b62440,
0x000001547d2c8b00
}

Java Threads: ( => current thread )
  0x000001545c3598f0 JavaThread "main" [_thread_in_Java, id=10248, stack(0x00000050c2600000,0x00000050c2700000)]
  0x000001547587e270 JavaThread "Reference Handler" daemon [_thread_blocked, id=4256, stack(0x00000050c2d00000,0x00000050c2e00000)]
  0x00000154759a01e0 JavaThread "Finalizer" daemon [_thread_blocked, id=14040, stack(0x00000050c2e00000,0x00000050c2f00000)]
  0x0000015475864340 JavaThread "Signal Dispatcher" daemon [_thread_blocked, id=12516, stack(0x00000050c2f00000,0x00000050c3000000)]
  0x00000154758651c0 JavaThread "Attach Listener" daemon [_thread_blocked, id=3168, stack(0x00000050c3000000,0x00000050c3100000)]
  0x00000154759d6630 JavaThread "Service Thread" daemon [_thread_blocked, id=9716, stack(0x00000050c3100000,0x00000050c3200000)]
  0x00000154759d6ff0 JavaThread "Monitor Deflation Thread" daemon [_thread_blocked, id=3304, stack(0x00000050c3200000,0x00000050c3300000)]
=>0x00000154759d7d90 JavaThread "C2 CompilerThread0" daemon [_thread_in_native, id=10352, stack(0x00000050c3300000,0x00000050c3400000)]
  0x00000154759d8840 JavaThread "C1 CompilerThread0" daemon [_thread_in_native, id=8552, stack(0x00000050c3400000,0x00000050c3500000)]
  0x00000154759dd320 JavaThread "Sweeper thread" daemon [_thread_blocked, id=10612, stack(0x00000050c3500000,0x00000050c3600000)]
  0x0000015475b428b0 JavaThread "Notification Thread" daemon [_thread_blocked, id=2016, stack(0x00000050c3600000,0x00000050c3700000)]
  0x0000015475b62440 JavaThread "Common-Cleaner" daemon [_thread_blocked, id=11428, stack(0x00000050c3800000,0x00000050c3900000)]
  0x000001547d2c8b00 JavaThread "C2 CompilerThread1" daemon [_thread_in_native, id=4652, stack(0x00000050c3e00000,0x00000050c3f00000)]

Other Threads:
  0x000001547585a150 VMThread "VM Thread" [stack: 0x00000050c2c00000,0x00000050c2d00000] [id=6468]
  0x0000015475b44da0 WatcherThread [stack: 0x00000050c3700000,0x00000050c3800000] [id=6776]
  0x000001545c3b51f0 GCTaskThread "GC Thread#0" [stack: 0x00000050c2700000,0x00000050c2800000] [id=12708]
  0x0000015475ccdef0 GCTaskThread "GC Thread#1" [stack: 0x00000050c3900000,0x00000050c3a00000] [id=7356]
  0x0000015475cce1b0 GCTaskThread "GC Thread#2" [stack: 0x00000050c3a00000,0x00000050c3b00000] [id=6088]
  0x000001547a1e3c00 GCTaskThread "GC Thread#3" [stack: 0x00000050c3b00000,0x00000050c3c00000] [id=8700]
  0x000001545c3c5dc0 ConcurrentGCThread "G1 Main Marker" [stack: 0x00000050c2800000,0x00000050c2900000] [id=2596]
  0x000001545c3c67e0 ConcurrentGCThread "G1 Conc#0" [stack: 0x00000050c2900000,0x00000050c2a00000] [id=8204]
  0x00000154756b20c0 ConcurrentGCThread "G1 Refine#0" [stack: 0x00000050c2a00000,0x00000050c2b00000] [id=4440]
  0x000001547aaff2b0 ConcurrentGCThread "G1 Refine#1" [stack: 0x00000050c3c00000,0x00000050c3d00000] [id=9812]
  0x000001547ac5ac10 ConcurrentGCThread "G1 Refine#2" [stack: 0x00000050c3d00000,0x00000050c3e00000] [id=3752]
  0x00000154756b2af0 ConcurrentGCThread "G1 Service" [stack: 0x00000050c2b00000,0x00000050c2c00000] [id=13276]

Threads with active compile tasks:
C2 CompilerThread0    31359 10432       4       org.jetbrains.kotlin.types.ClassifierBasedTypeConstructor::equals (103 bytes)
C1 CompilerThread0    31359 10583   !   3       org.jetbrains.kotlin.resolve.extensions.SyntheticResolveExtension$Companion$getInstance$1::generateSyntheticClasses (175 bytes)
C2 CompilerThread1    31360 10541       4       org.jetbrains.kotlin.serialization.deserialization.descriptors.DeserializedPackageMemberScope::hasClass (116 bytes)

VM state: not at safepoint (normal execution)

VM Mutex/Monitor currently owned by a thread: None

Heap address: 0x0000000081c00000, size: 2020 MB, Compressed Oops mode: 32-bit

CDS archive(s) not mapped
Compressed class space mapped at: 0x0000000100000000-0x0000000140000000, reserved size: 1073741824
Narrow klass base: 0x0000000000000000, Narrow klass shift: 3, Narrow klass range: 0x140000000

GC Precious Log:
 CPUs: 4 total, 4 available
 Memory: 8072M
 Large Page Support: Disabled
 NUMA Support: Disabled
 Compressed Oops: Enabled (32-bit)
 Heap Region Size: 1M
 Heap Min Capacity: 8M
 Heap Initial Capacity: 128M
 Heap Max Capacity: 2020M
 Pre-touch: Disabled
 Parallel Workers: 4
 Concurrent Workers: 1
 Concurrent Refinement Workers: 4
 Periodic GC: Disabled

Heap:
 garbage-first heap   total 196608K, used 133094K [0x0000000081c00000, 0x0000000100000000)
  region size 1024K, 85 young (87040K), 9 survivors (9216K)
 Metaspace       used 66894K, committed 67136K, reserved 1114112K
  class space    used 7721K, committed 7872K, reserved 1048576K

Heap Regions: E=young(eden), S=young(survivor), O=old, HS=humongous(starts), HC=humongous(continues), CS=collection set, F=free, OA=open archive, CA=closed archive, TAMS=top-at-mark-start (previous, next)
|   0|0x0000000081c00000, 0x0000000081d00000, 0x0000000081d00000|100%|HS|  |TAMS 0x0000000081d00000, 0x0000000081c00000| Complete 
|   1|0x0000000081d00000, 0x0000000081e00000, 0x0000000081e00000|100%|HC|  |TAMS 0x0000000081e00000, 0x0000000081d00000| Complete 
|   2|0x0000000081e00000, 0x0000000081f00000, 0x0000000081f00000|100%|HC|  |TAMS 0x0000000081f00000, 0x0000000081e00000| Complete 
|   3|0x0000000081f00000, 0x0000000082000000, 0x0000000082000000|100%|HC|  |TAMS 0x0000000082000000, 0x0000000081f00000| Complete 
|   4|0x0000000082000000, 0x0000000082100000, 0x0000000082100000|100%| O|  |TAMS 0x0000000082100000, 0x0000000082000000| Untracked 
|   5|0x0000000082100000, 0x00000000821fe600, 0x0000000082200000| 99%| O|  |TAMS 0x00000000821fe600, 0x0000000082100000| Untracked 
|   6|0x0000000082200000, 0x0000000082300000, 0x0000000082300000|100%| O|  |TAMS 0x0000000082300000, 0x0000000082200000| Untracked 
|   7|0x0000000082300000, 0x0000000082400000, 0x0000000082400000|100%| O|  |TAMS 0x0000000082400000, 0x0000000082300000| Untracked 
|   8|0x0000000082400000, 0x0000000082500000, 0x0000000082500000|100%| O|  |TAMS 0x0000000082500000, 0x0000000082400000| Untracked 
|   9|0x0000000082500000, 0x0000000082600000, 0x0000000082600000|100%| O|  |TAMS 0x0000000082600000, 0x0000000082500000| Untracked 
|  10|0x0000000082600000, 0x0000000082700000, 0x0000000082700000|100%| O|  |TAMS 0x0000000082700000, 0x0000000082600000| Untracked 
|  11|0x0000000082700000, 0x0000000082800000, 0x0000000082800000|100%| O|  |TAMS 0x0000000082800000, 0x0000000082700000| Untracked 
|  12|0x0000000082800000, 0x0000000082900000, 0x0000000082900000|100%| O|  |TAMS 0x0000000082900000, 0x0000000082800000| Untracked 
|  13|0x0000000082900000, 0x0000000082a00000, 0x0000000082a00000|100%| O|  |TAMS 0x0000000082a00000, 0x0000000082900000| Untracked 
|  14|0x0000000082a00000, 0x0000000082b00000, 0x0000000082b00000|100%| O|  |TAMS 0x0000000082b00000, 0x0000000082a00000| Untracked 
|  15|0x0000000082b00000, 0x0000000082c00000, 0x0000000082c00000|100%| O|  |TAMS 0x0000000082c00000, 0x0000000082b00000| Untracked 
|  16|0x0000000082c00000, 0x0000000082d00000, 0x0000000082d00000|100%|HS|  |TAMS 0x0000000082c00000, 0x0000000082c00000| Complete 
|  17|0x0000000082d00000, 0x0000000082e00000, 0x0000000082e00000|100%|HC|  |TAMS 0x0000000082d00000, 0x0000000082d00000| Complete 
|  18|0x0000000082e00000, 0x0000000082f00000, 0x0000000082f00000|100%| O|  |TAMS 0x0000000082e00000, 0x0000000082e00000| Untracked 
|  19|0x0000000082f00000, 0x0000000083000000, 0x0000000083000000|100%| O|  |TAMS 0x0000000083000000, 0x0000000082f00000| Untracked 
|  20|0x0000000083000000, 0x0000000083100000, 0x0000000083100000|100%| O|  |TAMS 0x00000000830b9000, 0x0000000083000000| Untracked 
|  21|0x0000000083100000, 0x0000000083200000, 0x0000000083200000|100%| O|  |TAMS 0x0000000083100000, 0x0000000083100000| Untracked 
|  22|0x0000000083200000, 0x0000000083300000, 0x0000000083300000|100%| O|  |TAMS 0x0000000083200000, 0x0000000083200000| Untracked 
|  23|0x0000000083300000, 0x0000000083400000, 0x0000000083400000|100%| O|  |TAMS 0x0000000083300000, 0x0000000083300000| Untracked 
|  24|0x0000000083400000, 0x0000000083500000, 0x0000000083500000|100%| O|  |TAMS 0x0000000083400000, 0x0000000083400000| Untracked 
|  25|0x0000000083500000, 0x0000000083600000, 0x0000000083600000|100%| O|  |TAMS 0x0000000083500000, 0x0000000083500000| Untracked 
|  26|0x0000000083600000, 0x0000000083700000, 0x0000000083700000|100%| O|  |TAMS 0x0000000083600000, 0x0000000083600000| Untracked 
|  27|0x0000000083700000, 0x0000000083800000, 0x0000000083800000|100%| O|  |TAMS 0x0000000083700000, 0x0000000083700000| Untracked 
|  28|0x0000000083800000, 0x0000000083900000, 0x0000000083900000|100%| O|  |TAMS 0x0000000083800000, 0x0000000083800000| Untracked 
|  29|0x0000000083900000, 0x0000000083a00000, 0x0000000083a00000|100%| O|  |TAMS 0x0000000083900000, 0x0000000083900000| Untracked 
|  30|0x0000000083a00000, 0x0000000083b00000, 0x0000000083b00000|100%| O|  |TAMS 0x0000000083a00000, 0x0000000083a00000| Untracked 
|  31|0x0000000083b00000, 0x0000000083c00000, 0x0000000083c00000|100%| O|  |TAMS 0x0000000083b00000, 0x0000000083b00000| Untracked 
|  32|0x0000000083c00000, 0x0000000083d00000, 0x0000000083d00000|100%| O|  |TAMS 0x0000000083c00000, 0x0000000083c00000| Untracked 
|  33|0x0000000083d00000, 0x0000000083e00000, 0x0000000083e00000|100%| O|  |TAMS 0x0000000083d00000, 0x0000000083d00000| Untracked 
|  34|0x0000000083e00000, 0x0000000083f00000, 0x0000000083f00000|100%| O|  |TAMS 0x0000000083e00000, 0x0000000083e00000| Untracked 
|  35|0x0000000083f00000, 0x0000000084000000, 0x0000000084000000|100%| O|  |TAMS 0x0000000083f00000, 0x0000000083f00000| Untracked 
|  36|0x0000000084000000, 0x0000000084100000, 0x0000000084100000|100%| O|  |TAMS 0x0000000084000000, 0x0000000084000000| Untracked 
|  37|0x0000000084100000, 0x0000000084200000, 0x0000000084200000|100%| O|  |TAMS 0x0000000084100000, 0x0000000084100000| Untracked 
|  38|0x0000000084200000, 0x0000000084300000, 0x0000000084300000|100%| O|  |TAMS 0x0000000084200000, 0x0000000084200000| Untracked 
|  39|0x0000000084300000, 0x0000000084400000, 0x0000000084400000|100%| O|  |TAMS 0x0000000084300000, 0x0000000084300000| Untracked 
|  40|0x0000000084400000, 0x0000000084500000, 0x0000000084500000|100%| O|  |TAMS 0x0000000084400000, 0x0000000084400000| Untracked 
|  41|0x0000000084500000, 0x0000000084600000, 0x0000000084600000|100%| O|  |TAMS 0x0000000084500000, 0x0000000084500000| Untracked 
|  42|0x0000000084600000, 0x0000000084700000, 0x0000000084700000|100%|HS|  |TAMS 0x0000000084600000, 0x0000000084600000| Complete 
|  43|0x0000000084700000, 0x0000000084700000, 0x0000000084800000|  0%| F|  |TAMS 0x0000000084700000, 0x0000000084700000| Untracked 
|  44|0x0000000084800000, 0x0000000084800000, 0x0000000084900000|  0%| F|  |TAMS 0x0000000084800000, 0x0000000084800000| Untracked 
|  45|0x0000000084900000, 0x0000000084900000, 0x0000000084a00000|  0%| F|  |TAMS 0x0000000084900000, 0x0000000084900000| Untracked 
|  46|0x0000000084a00000, 0x0000000084a00000, 0x0000000084b00000|  0%| F|  |TAMS 0x0000000084a00000, 0x0000000084a00000| Untracked 
|  47|0x0000000084b00000, 0x0000000084b00000, 0x0000000084c00000|  0%| F|  |TAMS 0x0000000084b00000, 0x0000000084b00000| Untracked 
|  48|0x0000000084c00000, 0x0000000084c00000, 0x0000000084d00000|  0%| F|  |TAMS 0x0000000084c00000, 0x0000000084c00000| Untracked 
|  49|0x0000000084d00000, 0x0000000084d00000, 0x0000000084e00000|  0%| F|  |TAMS 0x0000000084d00000, 0x0000000084d00000| Untracked 
|  50|0x0000000084e00000, 0x0000000084e00000, 0x0000000084f00000|  0%| F|  |TAMS 0x0000000084e00000, 0x0000000084e00000| Untracked 
|  51|0x0000000084f00000, 0x0000000084f00000, 0x0000000085000000|  0%| F|  |TAMS 0x0000000084f00000, 0x0000000084f00000| Untracked 
|  52|0x0000000085000000, 0x0000000085000000, 0x0000000085100000|  0%| F|  |TAMS 0x0000000085000000, 0x0000000085000000| Untracked 
|  53|0x0000000085100000, 0x0000000085100000, 0x0000000085200000|  0%| F|  |TAMS 0x0000000085100000, 0x0000000085100000| Untracked 
|  54|0x0000000085200000, 0x0000000085200000, 0x0000000085300000|  0%| F|  |TAMS 0x0000000085200000, 0x0000000085200000| Untracked 
|  55|0x0000000085300000, 0x0000000085300000, 0x0000000085400000|  0%| F|  |TAMS 0x0000000085300000, 0x0000000085300000| Untracked 
|  56|0x0000000085400000, 0x0000000085400000, 0x0000000085500000|  0%| F|  |TAMS 0x0000000085400000, 0x0000000085400000| Untracked 
|  57|0x0000000085500000, 0x0000000085500000, 0x0000000085600000|  0%| F|  |TAMS 0x0000000085500000, 0x0000000085500000| Untracked 
|  58|0x0000000085600000, 0x0000000085600000, 0x0000000085700000|  0%| F|  |TAMS 0x0000000085600000, 0x0000000085600000| Untracked 
|  59|0x0000000085700000, 0x0000000085700000, 0x0000000085800000|  0%| F|  |TAMS 0x0000000085700000, 0x0000000085700000| Untracked 
|  60|0x0000000085800000, 0x0000000085800000, 0x0000000085900000|  0%| F|  |TAMS 0x0000000085800000, 0x0000000085800000| Untracked 
|  61|0x0000000085900000, 0x0000000085900000, 0x0000000085a00000|  0%| F|  |TAMS 0x0000000085900000, 0x0000000085900000| Untracked 
|  62|0x0000000085a00000, 0x0000000085a00000, 0x0000000085b00000|  0%| F|  |TAMS 0x0000000085a00000, 0x0000000085a00000| Untracked 
|  63|0x0000000085b00000, 0x0000000085b00000, 0x0000000085c00000|  0%| F|  |TAMS 0x0000000085b00000, 0x0000000085b00000| Untracked 
|  64|0x0000000085c00000, 0x0000000085c00000, 0x0000000085d00000|  0%| F|  |TAMS 0x0000000085c00000, 0x0000000085c00000| Untracked 
|  65|0x0000000085d00000, 0x0000000085d00000, 0x0000000085e00000|  0%| F|  |TAMS 0x0000000085d00000, 0x0000000085d00000| Untracked 
|  66|0x0000000085e00000, 0x0000000085e00000, 0x0000000085f00000|  0%| F|  |TAMS 0x0000000085e00000, 0x0000000085e00000| Untracked 
|  67|0x0000000085f00000, 0x0000000085f00000, 0x0000000086000000|  0%| F|  |TAMS 0x0000000085f00000, 0x0000000085f00000| Untracked 
|  68|0x0000000086000000, 0x0000000086000000, 0x0000000086100000|  0%| F|  |TAMS 0x0000000086000000, 0x0000000086000000| Untracked 
|  69|0x0000000086100000, 0x0000000086100000, 0x0000000086200000|  0%| F|  |TAMS 0x0000000086100000, 0x0000000086100000| Untracked 
|  70|0x0000000086200000, 0x0000000086200000, 0x0000000086300000|  0%| F|  |TAMS 0x0000000086200000, 0x0000000086200000| Untracked 
|  71|0x0000000086300000, 0x0000000086300000, 0x0000000086400000|  0%| F|  |TAMS 0x0000000086300000, 0x0000000086300000| Untracked 
|  72|0x0000000086400000, 0x0000000086400000, 0x0000000086500000|  0%| F|  |TAMS 0x0000000086400000, 0x0000000086400000| Untracked 
|  73|0x0000000086500000, 0x0000000086500000, 0x0000000086600000|  0%| F|  |TAMS 0x0000000086500000, 0x0000000086500000| Untracked 
|  74|0x0000000086600000, 0x0000000086600000, 0x0000000086700000|  0%| F|  |TAMS 0x0000000086600000, 0x0000000086600000| Untracked 
|  75|0x0000000086700000, 0x0000000086700000, 0x0000000086800000|  0%| F|  |TAMS 0x0000000086700000, 0x0000000086700000| Untracked 
|  76|0x0000000086800000, 0x0000000086800000, 0x0000000086900000|  0%| F|  |TAMS 0x0000000086800000, 0x0000000086800000| Untracked 
|  77|0x0000000086900000, 0x0000000086900000, 0x0000000086a00000|  0%| F|  |TAMS 0x0000000086900000, 0x0000000086900000| Untracked 
|  78|0x0000000086a00000, 0x0000000086a00000, 0x0000000086b00000|  0%| F|  |TAMS 0x0000000086a00000, 0x0000000086a00000| Untracked 
|  79|0x0000000086b00000, 0x0000000086b00000, 0x0000000086c00000|  0%| F|  |TAMS 0x0000000086b00000, 0x0000000086b00000| Untracked 
|  80|0x0000000086c00000, 0x0000000086c00000, 0x0000000086d00000|  0%| F|  |TAMS 0x0000000086c00000, 0x0000000086c00000| Untracked 
|  81|0x0000000086d00000, 0x0000000086d00000, 0x0000000086e00000|  0%| F|  |TAMS 0x0000000086d00000, 0x0000000086d00000| Untracked 
|  82|0x0000000086e00000, 0x0000000086e00000, 0x0000000086f00000|  0%| F|  |TAMS 0x0000000086e00000, 0x0000000086e00000| Untracked 
|  83|0x0000000086f00000, 0x0000000086f00000, 0x0000000087000000|  0%| F|  |TAMS 0x0000000086f00000, 0x0000000086f00000| Untracked 
|  84|0x0000000087000000, 0x0000000087000000, 0x0000000087100000|  0%| F|  |TAMS 0x0000000087000000, 0x0000000087000000| Untracked 
|  85|0x0000000087100000, 0x0000000087100000, 0x0000000087200000|  0%| F|  |TAMS 0x0000000087100000, 0x0000000087100000| Untracked 
|  86|0x0000000087200000, 0x0000000087200000, 0x0000000087300000|  0%| F|  |TAMS 0x0000000087200000, 0x0000000087200000| Untracked 
|  87|0x0000000087300000, 0x0000000087300000, 0x0000000087400000|  0%| F|  |TAMS 0x0000000087300000, 0x0000000087300000| Untracked 
|  88|0x0000000087400000, 0x0000000087400000, 0x0000000087500000|  0%| F|  |TAMS 0x0000000087400000, 0x0000000087400000| Untracked 
|  89|0x0000000087500000, 0x0000000087500000, 0x0000000087600000|  0%| F|  |TAMS 0x0000000087500000, 0x0000000087500000| Untracked 
|  90|0x0000000087600000, 0x0000000087600000, 0x0000000087700000|  0%| F|  |TAMS 0x0000000087600000, 0x0000000087600000| Untracked 
|  91|0x0000000087700000, 0x0000000087700000, 0x0000000087800000|  0%| F|  |TAMS 0x0000000087700000, 0x0000000087700000| Untracked 
|  92|0x0000000087800000, 0x00000000878fb4c8, 0x0000000087900000| 98%| S|CS|TAMS 0x0000000087800000, 0x0000000087800000| Complete 
|  93|0x0000000087900000, 0x0000000087a00000, 0x0000000087a00000|100%| S|CS|TAMS 0x0000000087900000, 0x0000000087900000| Complete 
|  94|0x0000000087a00000, 0x0000000087b00000, 0x0000000087b00000|100%| S|CS|TAMS 0x0000000087a00000, 0x0000000087a00000| Complete 
|  95|0x0000000087b00000, 0x0000000087c00000, 0x0000000087c00000|100%| S|CS|TAMS 0x0000000087b00000, 0x0000000087b00000| Complete 
|  96|0x0000000087c00000, 0x0000000087d00000, 0x0000000087d00000|100%| S|CS|TAMS 0x0000000087c00000, 0x0000000087c00000| Complete 
|  97|0x0000000087d00000, 0x0000000087e00000, 0x0000000087e00000|100%| S|CS|TAMS 0x0000000087d00000, 0x0000000087d00000| Complete 
|  98|0x0000000087e00000, 0x0000000087f00000, 0x0000000087f00000|100%| S|CS|TAMS 0x0000000087e00000, 0x0000000087e00000| Complete 
|  99|0x0000000087f00000, 0x0000000088000000, 0x0000000088000000|100%| S|CS|TAMS 0x0000000087f00000, 0x0000000087f00000| Complete 
| 100|0x0000000088000000, 0x0000000088100000, 0x0000000088100000|100%| S|CS|TAMS 0x0000000088000000, 0x0000000088000000| Complete 
| 101|0x0000000088100000, 0x0000000088100000, 0x0000000088200000|  0%| F|  |TAMS 0x0000000088100000, 0x0000000088100000| Untracked 
| 102|0x0000000088200000, 0x0000000088200000, 0x0000000088300000|  0%| F|  |TAMS 0x0000000088200000, 0x0000000088200000| Untracked 
| 103|0x0000000088300000, 0x0000000088300000, 0x0000000088400000|  0%| F|  |TAMS 0x0000000088300000, 0x0000000088300000| Untracked 
| 104|0x0000000088400000, 0x0000000088400000, 0x0000000088500000|  0%| F|  |TAMS 0x0000000088400000, 0x0000000088400000| Untracked 
| 105|0x0000000088500000, 0x0000000088500000, 0x0000000088600000|  0%| F|  |TAMS 0x0000000088500000, 0x0000000088500000| Untracked 
| 106|0x0000000088600000, 0x0000000088600000, 0x0000000088700000|  0%| F|  |TAMS 0x0000000088600000, 0x0000000088600000| Untracked 
| 107|0x0000000088700000, 0x0000000088700000, 0x0000000088800000|  0%| F|  |TAMS 0x0000000088700000, 0x0000000088700000| Untracked 
| 108|0x0000000088800000, 0x0000000088800000, 0x0000000088900000|  0%| F|  |TAMS 0x0000000088800000, 0x0000000088800000| Untracked 
| 109|0x0000000088900000, 0x0000000088900000, 0x0000000088a00000|  0%| F|  |TAMS 0x0000000088900000, 0x0000000088900000| Untracked 
| 110|0x0000000088a00000, 0x0000000088a00000, 0x0000000088b00000|  0%| F|  |TAMS 0x0000000088a00000, 0x0000000088a00000| Untracked 
| 111|0x0000000088b00000, 0x0000000088b00000, 0x0000000088c00000|  0%| F|  |TAMS 0x0000000088b00000, 0x0000000088b00000| Untracked 
| 112|0x0000000088c00000, 0x0000000088c00000, 0x0000000088d00000|  0%| F|  |TAMS 0x0000000088c00000, 0x0000000088c00000| Untracked 
| 113|0x0000000088d00000, 0x0000000088e00000, 0x0000000088e00000|100%| E|  |TAMS 0x0000000088d00000, 0x0000000088d00000| Complete 
| 114|0x0000000088e00000, 0x0000000088f00000, 0x0000000088f00000|100%| E|CS|TAMS 0x0000000088e00000, 0x0000000088e00000| Complete 
| 115|0x0000000088f00000, 0x0000000089000000, 0x0000000089000000|100%| E|CS|TAMS 0x0000000088f00000, 0x0000000088f00000| Complete 
| 116|0x0000000089000000, 0x0000000089100000, 0x0000000089100000|100%| E|CS|TAMS 0x0000000089000000, 0x0000000089000000| Complete 
| 117|0x0000000089100000, 0x0000000089200000, 0x0000000089200000|100%| E|CS|TAMS 0x0000000089100000, 0x0000000089100000| Complete 
| 118|0x0000000089200000, 0x0000000089300000, 0x0000000089300000|100%| E|CS|TAMS 0x0000000089200000, 0x0000000089200000| Complete 
| 119|0x0000000089300000, 0x0000000089400000, 0x0000000089400000|100%| E|CS|TAMS 0x0000000089300000, 0x0000000089300000| Complete 
| 120|0x0000000089400000, 0x0000000089500000, 0x0000000089500000|100%| E|CS|TAMS 0x0000000089400000, 0x0000000089400000| Complete 
| 121|0x0000000089500000, 0x0000000089600000, 0x0000000089600000|100%| E|CS|TAMS 0x0000000089500000, 0x0000000089500000| Complete 
| 122|0x0000000089600000, 0x0000000089700000, 0x0000000089700000|100%| E|CS|TAMS 0x0000000089600000, 0x0000000089600000| Complete 
| 123|0x0000000089700000, 0x0000000089800000, 0x0000000089800000|100%| E|CS|TAMS 0x0000000089700000, 0x0000000089700000| Complete 
| 124|0x0000000089800000, 0x0000000089900000, 0x0000000089900000|100%| E|CS|TAMS 0x0000000089800000, 0x0000000089800000| Complete 
| 125|0x0000000089900000, 0x0000000089a00000, 0x0000000089a00000|100%| E|CS|TAMS 0x0000000089900000, 0x0000000089900000| Complete 
| 126|0x0000000089a00000, 0x0000000089b00000, 0x0000000089b00000|100%| E|CS|TAMS 0x0000000089a00000, 0x0000000089a00000| Complete 
| 127|0x0000000089b00000, 0x0000000089c00000, 0x0000000089c00000|100%| E|CS|TAMS 0x0000000089b00000, 0x0000000089b00000| Complete 
| 128|0x0000000089c00000, 0x0000000089d00000, 0x0000000089d00000|100%| E|CS|TAMS 0x0000000089c00000, 0x0000000089c00000| Complete 
| 129|0x0000000089d00000, 0x0000000089e00000, 0x0000000089e00000|100%| E|CS|TAMS 0x0000000089d00000, 0x0000000089d00000| Complete 
| 130|0x0000000089e00000, 0x0000000089f00000, 0x0000000089f00000|100%| E|CS|TAMS 0x0000000089e00000, 0x0000000089e00000| Complete 
| 131|0x0000000089f00000, 0x000000008a000000, 0x000000008a000000|100%| E|CS|TAMS 0x0000000089f00000, 0x0000000089f00000| Complete 
| 132|0x000000008a000000, 0x000000008a100000, 0x000000008a100000|100%| E|CS|TAMS 0x000000008a000000, 0x000000008a000000| Complete 
| 133|0x000000008a100000, 0x000000008a200000, 0x000000008a200000|100%| E|CS|TAMS 0x000000008a100000, 0x000000008a100000| Complete 
| 134|0x000000008a200000, 0x000000008a300000, 0x000000008a300000|100%| E|CS|TAMS 0x000000008a200000, 0x000000008a200000| Complete 
| 135|0x000000008a300000, 0x000000008a400000, 0x000000008a400000|100%| E|CS|TAMS 0x000000008a300000, 0x000000008a300000| Complete 
| 136|0x000000008a400000, 0x000000008a500000, 0x000000008a500000|100%| E|CS|TAMS 0x000000008a400000, 0x000000008a400000| Complete 
| 137|0x000000008a500000, 0x000000008a600000, 0x000000008a600000|100%| E|CS|TAMS 0x000000008a500000, 0x000000008a500000| Complete 
| 138|0x000000008a600000, 0x000000008a700000, 0x000000008a700000|100%| E|CS|TAMS 0x000000008a600000, 0x000000008a600000| Complete 
| 139|0x000000008a700000, 0x000000008a800000, 0x000000008a800000|100%| E|CS|TAMS 0x000000008a700000, 0x000000008a700000| Complete 
| 140|0x000000008a800000, 0x000000008a900000, 0x000000008a900000|100%| E|CS|TAMS 0x000000008a800000, 0x000000008a800000| Complete 
| 141|0x000000008a900000, 0x000000008aa00000, 0x000000008aa00000|100%| E|CS|TAMS 0x000000008a900000, 0x000000008a900000| Complete 
| 142|0x000000008aa00000, 0x000000008ab00000, 0x000000008ab00000|100%| E|CS|TAMS 0x000000008aa00000, 0x000000008aa00000| Complete 
| 143|0x000000008ab00000, 0x000000008ac00000, 0x000000008ac00000|100%| E|CS|TAMS 0x000000008ab00000, 0x000000008ab00000| Complete 
| 144|0x000000008ac00000, 0x000000008ad00000, 0x000000008ad00000|100%| E|CS|TAMS 0x000000008ac00000, 0x000000008ac00000| Complete 
| 145|0x000000008ad00000, 0x000000008ae00000, 0x000000008ae00000|100%| E|CS|TAMS 0x000000008ad00000, 0x000000008ad00000| Complete 
| 146|0x000000008ae00000, 0x000000008af00000, 0x000000008af00000|100%| E|CS|TAMS 0x000000008ae00000, 0x000000008ae00000| Complete 
| 147|0x000000008af00000, 0x000000008b000000, 0x000000008b000000|100%| E|CS|TAMS 0x000000008af00000, 0x000000008af00000| Complete 
| 148|0x000000008b000000, 0x000000008b100000, 0x000000008b100000|100%| E|CS|TAMS 0x000000008b000000, 0x000000008b000000| Complete 
| 149|0x000000008b100000, 0x000000008b200000, 0x000000008b200000|100%| E|CS|TAMS 0x000000008b100000, 0x000000008b100000| Complete 
| 150|0x000000008b200000, 0x000000008b300000, 0x000000008b300000|100%| E|CS|TAMS 0x000000008b200000, 0x000000008b200000| Complete 
| 151|0x000000008b300000, 0x000000008b400000, 0x000000008b400000|100%| E|CS|TAMS 0x000000008b300000, 0x000000008b300000| Complete 
| 152|0x000000008b400000, 0x000000008b500000, 0x000000008b500000|100%| E|CS|TAMS 0x000000008b400000, 0x000000008b400000| Complete 
| 153|0x000000008b500000, 0x000000008b600000, 0x000000008b600000|100%| E|CS|TAMS 0x000000008b500000, 0x000000008b500000| Complete 
| 154|0x000000008b600000, 0x000000008b700000, 0x000000008b700000|100%| E|CS|TAMS 0x000000008b600000, 0x000000008b600000| Complete 
| 155|0x000000008b700000, 0x000000008b800000, 0x000000008b800000|100%| E|CS|TAMS 0x000000008b700000, 0x000000008b700000| Complete 
| 156|0x000000008b800000, 0x000000008b900000, 0x000000008b900000|100%| E|CS|TAMS 0x000000008b800000, 0x000000008b800000| Complete 
| 157|0x000000008b900000, 0x000000008ba00000, 0x000000008ba00000|100%| E|CS|TAMS 0x000000008b900000, 0x000000008b900000| Complete 
| 158|0x000000008ba00000, 0x000000008bb00000, 0x000000008bb00000|100%| E|CS|TAMS 0x000000008ba00000, 0x000000008ba00000| Complete 
| 159|0x000000008bb00000, 0x000000008bc00000, 0x000000008bc00000|100%| E|CS|TAMS 0x000000008bb00000, 0x000000008bb00000| Complete 
| 160|0x000000008bc00000, 0x000000008bd00000, 0x000000008bd00000|100%| E|CS|TAMS 0x000000008bc00000, 0x000000008bc00000| Complete 
| 161|0x000000008bd00000, 0x000000008be00000, 0x000000008be00000|100%| E|CS|TAMS 0x000000008bd00000, 0x000000008bd00000| Complete 
| 162|0x000000008be00000, 0x000000008bf00000, 0x000000008bf00000|100%| E|CS|TAMS 0x000000008be00000, 0x000000008be00000| Complete 
| 163|0x000000008bf00000, 0x000000008c000000, 0x000000008c000000|100%| E|CS|TAMS 0x000000008bf00000, 0x000000008bf00000| Complete 
| 164|0x000000008c000000, 0x000000008c100000, 0x000000008c100000|100%| E|CS|TAMS 0x000000008c000000, 0x000000008c000000| Complete 
| 165|0x000000008c100000, 0x000000008c200000, 0x000000008c200000|100%| E|CS|TAMS 0x000000008c100000, 0x000000008c100000| Complete 
| 166|0x000000008c200000, 0x000000008c300000, 0x000000008c300000|100%| E|CS|TAMS 0x000000008c200000, 0x000000008c200000| Complete 
| 167|0x000000008c300000, 0x000000008c400000, 0x000000008c400000|100%| E|CS|TAMS 0x000000008c300000, 0x000000008c300000| Complete 
| 168|0x000000008c400000, 0x000000008c500000, 0x000000008c500000|100%| E|CS|TAMS 0x000000008c400000, 0x000000008c400000| Complete 
| 169|0x000000008c500000, 0x000000008c600000, 0x000000008c600000|100%| E|CS|TAMS 0x000000008c500000, 0x000000008c500000| Complete 
| 170|0x000000008c600000, 0x000000008c700000, 0x000000008c700000|100%| E|CS|TAMS 0x000000008c600000, 0x000000008c600000| Complete 
| 171|0x000000008c700000, 0x000000008c800000, 0x000000008c800000|100%| E|CS|TAMS 0x000000008c700000, 0x000000008c700000| Complete 
| 172|0x000000008c800000, 0x000000008c900000, 0x000000008c900000|100%| E|CS|TAMS 0x000000008c800000, 0x000000008c800000| Complete 
| 173|0x000000008c900000, 0x000000008ca00000, 0x000000008ca00000|100%| E|CS|TAMS 0x000000008c900000, 0x000000008c900000| Complete 
| 174|0x000000008ca00000, 0x000000008cb00000, 0x000000008cb00000|100%| E|CS|TAMS 0x000000008ca00000, 0x000000008ca00000| Complete 
| 175|0x000000008cb00000, 0x000000008cc00000, 0x000000008cc00000|100%| E|CS|TAMS 0x000000008cb00000, 0x000000008cb00000| Complete 
| 176|0x000000008cc00000, 0x000000008cd00000, 0x000000008cd00000|100%| E|CS|TAMS 0x000000008cc00000, 0x000000008cc00000| Complete 
| 177|0x000000008cd00000, 0x000000008ce00000, 0x000000008ce00000|100%| E|CS|TAMS 0x000000008cd00000, 0x000000008cd00000| Complete 
| 178|0x000000008ce00000, 0x000000008cf00000, 0x000000008cf00000|100%| E|CS|TAMS 0x000000008ce00000, 0x000000008ce00000| Complete 
| 179|0x000000008cf00000, 0x000000008d000000, 0x000000008d000000|100%| E|CS|TAMS 0x000000008cf00000, 0x000000008cf00000| Complete 
| 180|0x000000008d000000, 0x000000008d100000, 0x000000008d100000|100%| E|CS|TAMS 0x000000008d000000, 0x000000008d000000| Complete 
| 181|0x000000008d100000, 0x000000008d200000, 0x000000008d200000|100%| E|CS|TAMS 0x000000008d100000, 0x000000008d100000| Complete 
| 182|0x000000008d200000, 0x000000008d300000, 0x000000008d300000|100%| E|CS|TAMS 0x000000008d200000, 0x000000008d200000| Complete 
| 183|0x000000008d300000, 0x000000008d400000, 0x000000008d400000|100%| E|CS|TAMS 0x000000008d300000, 0x000000008d300000| Complete 
| 184|0x000000008d400000, 0x000000008d500000, 0x000000008d500000|100%| E|CS|TAMS 0x000000008d400000, 0x000000008d400000| Complete 
| 185|0x000000008d500000, 0x000000008d600000, 0x000000008d600000|100%| E|CS|TAMS 0x000000008d500000, 0x000000008d500000| Complete 
| 186|0x000000008d600000, 0x000000008d700000, 0x000000008d700000|100%| E|CS|TAMS 0x000000008d600000, 0x000000008d600000| Complete 
| 187|0x000000008d700000, 0x000000008d800000, 0x000000008d800000|100%| E|CS|TAMS 0x000000008d700000, 0x000000008d700000| Complete 
| 188|0x000000008d800000, 0x000000008d900000, 0x000000008d900000|100%| E|CS|TAMS 0x000000008d800000, 0x000000008d800000| Complete 
|2017|0x00000000ffd00000, 0x00000000ffe00000, 0x00000000ffe00000|100%| O|  |TAMS 0x00000000ffe00000, 0x00000000ffd00000| Untracked 
|2018|0x00000000ffe00000, 0x00000000fff00000, 0x00000000fff00000|100%| O|  |TAMS 0x00000000fff00000, 0x00000000ffe00000| Untracked 
|2019|0x00000000fff00000, 0x0000000100000000, 0x0000000100000000|100%| O|  |TAMS 0x0000000100000000, 0x00000000fff00000| Untracked 

Card table byte_map: [0x000001546ec30000,0x000001546f030000] _byte_map_base: 0x000001546e822000

Marking Bits (Prev, Next): (CMBitMap*) 0x000001545c3b5850, (CMBitMap*) 0x000001545c3b5810
 Prev Bits: [0x00000154713c0000, 0x0000015473350000)
 Next Bits: [0x000001546f430000, 0x00000154713c0000)

Polling page: 0x000001545a320000

Metaspace:

Usage:
  Non-class:     57.81 MB used.
      Class:      7.54 MB used.
       Both:     65.36 MB used.

Virtual space:
  Non-class space:       64.00 MB reserved,      57.94 MB ( 91%) committed,  1 nodes.
      Class space:        1.00 GB reserved,       7.69 MB ( <1%) committed,  1 nodes.
             Both:        1.06 GB reserved,      65.62 MB (  6%) committed. 

Chunk freelists:
   Non-Class:  5.41 MB
       Class:  8.32 MB
        Both:  13.73 MB

MaxMetaspaceSize: unlimited
CompressedClassSpaceSize: 1.00 GB
Initial GC threshold: 21.00 MB
Current GC threshold: 72.94 MB
CDS: off
MetaspaceReclaimPolicy: balanced
 - commit_granule_bytes: 65536.
 - commit_granule_words: 8192.
 - virtual_space_node_default_size: 8388608.
 - enlarge_chunks_in_place: 1.
 - new_chunks_are_fully_committed: 0.
 - uncommit_free_chunks: 1.
 - use_allocation_guard: 0.
 - handle_deallocations: 1.


Internal statistics:

num_allocs_failed_limit: 9.
num_arena_births: 320.
num_arena_deaths: 0.
num_vsnodes_births: 2.
num_vsnodes_deaths: 0.
num_space_committed: 1048.
num_space_uncommitted: 0.
num_chunks_returned_to_freelist: 9.
num_chunks_taken_from_freelist: 2461.
num_chunk_merges: 9.
num_chunk_splits: 1971.
num_chunks_enlarged: 1725.
num_inconsistent_stats: 0.

CodeHeap 'non-profiled nmethods': size=120000Kb used=3836Kb max_used=3836Kb free=116163Kb
 bounds [0x0000015467300000, 0x00000154676c0000, 0x000001546e830000]
CodeHeap 'profiled nmethods': size=120000Kb used=24080Kb max_used=24080Kb free=95919Kb
 bounds [0x000001545f830000, 0x0000015460fc0000, 0x0000015466d60000]
CodeHeap 'non-nmethods': size=5760Kb used=1300Kb max_used=1391Kb free=4459Kb
 bounds [0x0000015466d60000, 0x0000015466fd0000, 0x0000015467300000]
 total_blobs=10021 nmethods=9413 adapters=518
 compilation: enabled
              stopped_count=0, restarted_count=0
 full_count=0

Compilation events (20 events):
Event: 31.203 Thread 0x00000154759d8840 10544       3       org.jetbrains.kotlin.com.intellij.psi.stubs.StubBase::getChildrenByType (67 bytes)
Event: 31.204 Thread 0x00000154759d8840 nmethod 10544 0x0000015460f7d390 code [0x0000015460f7d5c0, 0x0000015460f7dcd8]
Event: 31.204 Thread 0x00000154759d8840 10545       3       org.jetbrains.kotlin.com.intellij.psi.stubs.StubBase::countChildren (52 bytes)
Event: 31.204 Thread 0x00000154759d8840 nmethod 10545 0x0000015460f7df10 code [0x0000015460f7e0e0, 0x0000015460f7e628]
Event: 31.210 Thread 0x00000154759d8840 10546       3       org.jetbrains.kotlin.psi.KtLambdaExpression::getFunctionLiteral (26 bytes)
Event: 31.211 Thread 0x00000154759d8840 nmethod 10546 0x0000015460f7e810 code [0x0000015460f7e9e0, 0x0000015460f7edc8]
Event: 31.214 Thread 0x00000154759d8840 10547       3       org.jetbrains.kotlin.com.intellij.psi.impl.source.PsiFieldImpl::hasModifierProperty (20 bytes)
Event: 31.214 Thread 0x00000154759d8840 nmethod 10547 0x0000015460f7ef10 code [0x0000015460f7f0e0, 0x0000015460f7f368]
Event: 31.214 Thread 0x00000154759d8840 10548       3       org.jetbrains.kotlin.com.intellij.util.containers.JBIterator::from (27 bytes)
Event: 31.215 Thread 0x00000154759d8840 nmethod 10548 0x0000015460f7f490 code [0x0000015460f7f680, 0x0000015460f7fc48]
Event: 31.218 Thread 0x00000154759d8840 10549       3       org.jetbrains.kotlin.com.intellij.psi.impl.source.resolve.ClassResolverProcessor::shouldProcess (22 bytes)
Event: 31.218 Thread 0x00000154759d8840 nmethod 10549 0x0000015460f7fd90 code [0x0000015460f7ff40, 0x0000015460f80128]
Event: 31.218 Thread 0x00000154759d8840 10550       3       org.jetbrains.kotlin.com.intellij.psi.impl.PsiImplUtil::findDocComment (63 bytes)
Event: 31.219 Thread 0x00000154759d8840 nmethod 10550 0x0000015460f80210 code [0x0000015460f80440, 0x0000015460f80c28]
Event: 31.220 Thread 0x00000154759d8840 10551   !   3       java.util.AbstractSet::equals (45 bytes)
Event: 31.221 Thread 0x00000154759d8840 nmethod 10551 0x0000015460f80e10 code [0x0000015460f81000, 0x0000015460f816e8]
Event: 31.222 Thread 0x00000154759d8840 10552       3       gnu.trove.THashMap$MapBackedView::size (8 bytes)
Event: 31.222 Thread 0x00000154759d8840 nmethod 10552 0x0000015460f81810 code [0x0000015460f819a0, 0x0000015460f81b58]
Event: 31.222 Thread 0x00000154759d8840 10553       3       org.jetbrains.kotlin.load.java.structure.impl.classFiles.BinaryJavaClass::getRecordComponents (8 bytes)
Event: 31.223 Thread 0x00000154759d8840 nmethod 10553 0x0000015460f81c10 code [0x0000015460f81da0, 0x0000015460f81eb8]

GC Heap History (20 events):
Event: 9.946 GC heap before
{Heap before GC invocations=10 (full 0):
 garbage-first heap   total 55296K, used 38881K [0x0000000081c00000, 0x0000000100000000)
  region size 1024K, 21 young (21504K), 3 survivors (3072K)
 Metaspace       used 39881K, committed 40128K, reserved 1114112K
  class space    used 4862K, committed 4992K, reserved 1048576K
}
Event: 9.957 GC heap after
{Heap after GC invocations=11 (full 0):
 garbage-first heap   total 55296K, used 23560K [0x0000000081c00000, 0x0000000100000000)
  region size 1024K, 3 young (3072K), 3 survivors (3072K)
 Metaspace       used 39881K, committed 40128K, reserved 1114112K
  class space    used 4862K, committed 4992K, reserved 1048576K
}
Event: 10.001 GC heap before
{Heap before GC invocations=11 (full 0):
 garbage-first heap   total 55296K, used 24584K [0x0000000081c00000, 0x0000000100000000)
  region size 1024K, 4 young (4096K), 3 survivors (3072K)
 Metaspace       used 40145K, committed 40384K, reserved 1114112K
  class space    used 4888K, committed 4992K, reserved 1048576K
}
Event: 10.014 GC heap after
{Heap after GC invocations=12 (full 0):
 garbage-first heap   total 55296K, used 22713K [0x0000000081c00000, 0x0000000100000000)
  region size 1024K, 1 young (1024K), 1 survivors (1024K)
 Metaspace       used 40145K, committed 40384K, reserved 1114112K
  class space    used 4888K, committed 4992K, reserved 1048576K
}
Event: 11.111 GC heap before
{Heap before GC invocations=12 (full 0):
 garbage-first heap   total 55296K, used 40121K [0x0000000081c00000, 0x0000000100000000)
  region size 1024K, 18 young (18432K), 1 survivors (1024K)
 Metaspace       used 44327K, committed 44608K, reserved 1114112K
  class space    used 5376K, committed 5504K, reserved 1048576K
}
Event: 11.122 GC heap after
{Heap after GC invocations=13 (full 0):
 garbage-first heap   total 55296K, used 23575K [0x0000000081c00000, 0x0000000100000000)
  region size 1024K, 2 young (2048K), 2 survivors (2048K)
 Metaspace       used 44327K, committed 44608K, reserved 1114112K
  class space    used 5376K, committed 5504K, reserved 1048576K
}
Event: 11.874 GC heap before
{Heap before GC invocations=14 (full 0):
 garbage-first heap   total 55296K, used 43031K [0x0000000081c00000, 0x0000000100000000)
  region size 1024K, 19 young (19456K), 2 survivors (2048K)
 Metaspace       used 47522K, committed 47744K, reserved 1114112K
  class space    used 5766K, committed 5888K, reserved 1048576K
}
Event: 11.887 GC heap after
{Heap after GC invocations=15 (full 0):
 garbage-first heap   total 55296K, used 28402K [0x0000000081c00000, 0x0000000100000000)
  region size 1024K, 3 young (3072K), 3 survivors (3072K)
 Metaspace       used 47522K, committed 47744K, reserved 1114112K
  class space    used 5766K, committed 5888K, reserved 1048576K
}
Event: 11.925 GC heap before
{Heap before GC invocations=15 (full 0):
 garbage-first heap   total 55296K, used 29426K [0x0000000081c00000, 0x0000000100000000)
  region size 1024K, 4 young (4096K), 3 survivors (3072K)
 Metaspace       used 47549K, committed 47744K, reserved 1114112K
  class space    used 5766K, committed 5888K, reserved 1048576K
}
Event: 11.940 GC heap after
{Heap after GC invocations=16 (full 0):
 garbage-first heap   total 98304K, used 28375K [0x0000000081c00000, 0x0000000100000000)
  region size 1024K, 1 young (1024K), 1 survivors (1024K)
 Metaspace       used 47549K, committed 47744K, reserved 1114112K
  class space    used 5766K, committed 5888K, reserved 1048576K
}
Event: 13.359 GC heap before
{Heap before GC invocations=16 (full 0):
 garbage-first heap   total 98304K, used 68311K [0x0000000081c00000, 0x0000000100000000)
  region size 1024K, 39 young (39936K), 1 survivors (1024K)
 Metaspace       used 51923K, committed 52224K, reserved 1114112K
  class space    used 6269K, committed 6400K, reserved 1048576K
}
Event: 13.378 GC heap after
{Heap after GC invocations=17 (full 0):
 garbage-first heap   total 98304K, used 30544K [0x0000000081c00000, 0x0000000100000000)
  region size 1024K, 3 young (3072K), 3 survivors (3072K)
 Metaspace       used 51923K, committed 52224K, reserved 1114112K
  class space    used 6269K, committed 6400K, reserved 1048576K
}
Event: 15.851 GC heap before
{Heap before GC invocations=17 (full 0):
 garbage-first heap   total 98304K, used 70480K [0x0000000081c00000, 0x0000000100000000)
  region size 1024K, 42 young (43008K), 3 survivors (3072K)
 Metaspace       used 56409K, committed 56640K, reserved 1114112K
  class space    used 6704K, committed 6784K, reserved 1048576K
}
Event: 15.910 GC heap after
{Heap after GC invocations=18 (full 0):
 garbage-first heap   total 98304K, used 38880K [0x0000000081c00000, 0x0000000100000000)
  region size 1024K, 6 young (6144K), 6 survivors (6144K)
 Metaspace       used 56409K, committed 56640K, reserved 1114112K
  class space    used 6704K, committed 6784K, reserved 1048576K
}
Event: 17.426 GC heap before
{Heap before GC invocations=18 (full 0):
 garbage-first heap   total 98304K, used 72672K [0x0000000081c00000, 0x0000000100000000)
  region size 1024K, 39 young (39936K), 6 survivors (6144K)
 Metaspace       used 57004K, committed 57280K, reserved 1114112K
  class space    used 6719K, committed 6848K, reserved 1048576K
}
Event: 17.481 GC heap after
{Heap after GC invocations=19 (full 0):
 garbage-first heap   total 98304K, used 45411K [0x0000000081c00000, 0x0000000100000000)
  region size 1024K, 5 young (5120K), 5 survivors (5120K)
 Metaspace       used 57004K, committed 57280K, reserved 1114112K
  class space    used 6719K, committed 6848K, reserved 1048576K
}
Event: 18.100 GC heap before
{Heap before GC invocations=19 (full 0):
 garbage-first heap   total 98304K, used 74083K [0x0000000081c00000, 0x0000000100000000)
  region size 1024K, 33 young (33792K), 5 survivors (5120K)
 Metaspace       used 57699K, committed 57920K, reserved 1114112K
  class space    used 6808K, committed 6912K, reserved 1048576K
}
Event: 18.146 GC heap after
{Heap after GC invocations=20 (full 0):
 garbage-first heap   total 196608K, used 50680K [0x0000000081c00000, 0x0000000100000000)
  region size 1024K, 5 young (5120K), 5 survivors (5120K)
 Metaspace       used 57699K, committed 57920K, reserved 1114112K
  class space    used 6808K, committed 6912K, reserved 1048576K
}
Event: 22.703 GC heap before
{Heap before GC invocations=20 (full 0):
 garbage-first heap   total 196608K, used 140792K [0x0000000081c00000, 0x0000000100000000)
  region size 1024K, 93 young (95232K), 5 survivors (5120K)
 Metaspace       used 62630K, committed 62912K, reserved 1114112K
  class space    used 7456K, committed 7616K, reserved 1048576K
}
Event: 22.727 GC heap after
{Heap after GC invocations=21 (full 0):
 garbage-first heap   total 196608K, used 55270K [0x0000000081c00000, 0x0000000100000000)
  region size 1024K, 9 young (9216K), 9 survivors (9216K)
 Metaspace       used 62630K, committed 62912K, reserved 1114112K
  class space    used 7456K, committed 7616K, reserved 1048576K
}

Dll operation events (2 events):
Event: 0.052 Loaded shared library C:\Program Files\Android\Android Studio\jbr\bin\java.dll
Event: 5.868 Loaded shared library C:\Program Files\Android\Android Studio\jbr\bin\verify.dll

Deoptimization events (20 events):
Event: 30.176 Thread 0x000001545c3598f0 DEOPT PACKING pc=0x000001546763da08 sp=0x00000050c26f8f50
Event: 30.176 Thread 0x000001545c3598f0 DEOPT UNPACKING pc=0x0000015466db69a3 sp=0x00000050c26f8f30 mode 2
Event: 30.183 Thread 0x000001545c3598f0 Uncommon trap: trap_request=0xffffffc6 fr.pc=0x000001546763da08 relative=0x0000000000001248
Event: 30.183 Thread 0x000001545c3598f0 Uncommon trap: reason=bimorphic_or_optimized_type_check action=maybe_recompile pc=0x000001546763da08 method=org.jetbrains.kotlin.types.ClassifierBasedTypeConstructor.equals(Ljava/lang/Object;)Z @ 38 c2
Event: 30.183 Thread 0x000001545c3598f0 DEOPT PACKING pc=0x000001546763da08 sp=0x00000050c26f9900
Event: 30.183 Thread 0x000001545c3598f0 DEOPT UNPACKING pc=0x0000015466db69a3 sp=0x00000050c26f98e0 mode 2
Event: 30.201 Thread 0x000001545c3598f0 Uncommon trap: trap_request=0xffffff45 fr.pc=0x000001546763a174 relative=0x00000000000000d4
Event: 30.201 Thread 0x000001545c3598f0 Uncommon trap: reason=unstable_if action=reinterpret pc=0x000001546763a174 method=org.jetbrains.kotlin.resolve.BindingContextUtils.lambda$addOwnDataTo$0(Lorg/jetbrains/kotlin/resolve/TraceEntryFilter;Lorg/jetbrains/kotlin/resolve/BindingTrace;Lorg/jetbrai
Event: 30.201 Thread 0x000001545c3598f0 DEOPT PACKING pc=0x000001546763a174 sp=0x00000050c26fccd0
Event: 30.201 Thread 0x000001545c3598f0 DEOPT UNPACKING pc=0x0000015466db69a3 sp=0x00000050c26fcbe0 mode 2
Event: 30.223 Thread 0x000001545c3598f0 Uncommon trap: trap_request=0xffffff45 fr.pc=0x00000154673a04a4 relative=0x00000000000009e4
Event: 30.223 Thread 0x000001545c3598f0 Uncommon trap: reason=unstable_if action=reinterpret pc=0x00000154673a04a4 method=org.jetbrains.kotlin.serialization.deserialization.descriptors.DeserializedMemberScope.getContributedClassifier(Lorg/jetbrains/kotlin/name/Name;Lorg/jetbrains/kotlin/increme
Event: 30.223 Thread 0x000001545c3598f0 DEOPT PACKING pc=0x00000154673a04a4 sp=0x00000050c26fab60
Event: 30.223 Thread 0x000001545c3598f0 DEOPT UNPACKING pc=0x0000015466db69a3 sp=0x00000050c26fab48 mode 2
Event: 30.229 Thread 0x000001545c3598f0 Uncommon trap: trap_request=0xffffff45 fr.pc=0x0000015467573d64 relative=0x0000000000000544
Event: 30.229 Thread 0x000001545c3598f0 Uncommon trap: reason=unstable_if action=reinterpret pc=0x0000015467573d64 method=org.jetbrains.kotlin.load.java.lazy.descriptors.JvmPackageScope.getContributedClassifier(Lorg/jetbrains/kotlin/name/Name;Lorg/jetbrains/kotlin/incremental/components/LookupL
Event: 30.229 Thread 0x000001545c3598f0 DEOPT PACKING pc=0x0000015467573d64 sp=0x00000050c26fabf0
Event: 30.229 Thread 0x000001545c3598f0 DEOPT UNPACKING pc=0x0000015466db69a3 sp=0x00000050c26fab70 mode 2
Event: 30.335 Thread 0x000001545c3598f0 DEOPT PACKING pc=0x000001545fd4b6cd sp=0x00000050c26f9670
Event: 30.335 Thread 0x000001545c3598f0 DEOPT UNPACKING pc=0x0000015466db7143 sp=0x00000050c26f8b00 mode 0

Classes unloaded (0 events):
No events

Classes redefined (0 events):
No events

Internal exceptions (20 events):
Event: 14.458 Thread 0x000001545c3598f0 Exception <a 'java/lang/NoSuchMethodError'{0x0000000086447d30}: 'java.lang.Object java.lang.invoke.DirectMethodHandle$Holder.invokeStatic(java.lang.Object, java.lang.Object, java.lang.Object, java.lang.Object, int)'> (0x0000000086447d30) 
thrown [s\src\hotspot\share\interpreter\linkResolver.cpp, line 771]
Event: 14.460 Thread 0x000001545c3598f0 Exception <a 'java/lang/NoSuchMethodError'{0x0000000086454a00}: 'java.lang.Object java.lang.invoke.DirectMethodHandle$Holder.newInvokeSpecial(java.lang.Object, java.lang.Object, java.lang.Object, java.lang.Object, int)'> (0x0000000086454a00) 
thrown [s\src\hotspot\share\interpreter\linkResolver.cpp, line 771]
Event: 14.462 Thread 0x000001545c3598f0 Exception <a 'java/lang/NoSuchMethodError'{0x000000008645c920}: 'java.lang.Object java.lang.invoke.Invokers$Holder.linkToTargetMethod(java.lang.Object, java.lang.Object, java.lang.Object, int, java.lang.Object)'> (0x000000008645c920) 
thrown [s\src\hotspot\share\interpreter\linkResolver.cpp, line 771]
Event: 14.771 Thread 0x000001545c3598f0 Exception <a 'java/lang/NoSuchMethodError'{0x00000000861b3f88}: 'java.lang.Object java.lang.invoke.DirectMethodHandle$Holder.newInvokeSpecial(java.lang.Object, java.lang.Object, java.lang.Object, java.lang.Object, java.lang.Object, java.lang.Object)'> (0x00000000861b3f88) 
thrown [s\src\hotspot\share\interpreter\linkResolver.cpp, line 771]
Event: 17.943 Thread 0x000001545c3598f0 Implicit null exception at 0x000001546750cacf to 0x000001546750cfd0
Event: 17.968 Thread 0x000001545c3598f0 Implicit null exception at 0x0000015467433d4c to 0x0000015467433e40
Event: 17.969 Thread 0x000001545c3598f0 Implicit null exception at 0x00000154673f1c94 to 0x00000154673f1d8c
Event: 17.969 Thread 0x000001545c3598f0 Implicit null exception at 0x0000015467364fe0 to 0x000001546736507a
Event: 17.985 Thread 0x000001545c3598f0 Implicit null exception at 0x000001546752d1ef to 0x000001546752d438
Event: 17.986 Thread 0x000001545c3598f0 Implicit null exception at 0x000001546735d98f to 0x000001546735da09
Event: 20.078 Thread 0x000001545c3598f0 Exception <a 'java/lang/NoSuchMethodError'{0x000000008995cbc0}: 'void java.lang.invoke.DirectMethodHandle$Holder.invokeInterface(java.lang.Object, java.lang.Object)'> (0x000000008995cbc0) 
thrown [s\src\hotspot\share\interpreter\linkResolver.cpp, line 771]
Event: 20.298 Thread 0x000001545c3598f0 Exception <a 'java/lang/IncompatibleClassChangeError'{0x000000008986a9f8}: Found class java.lang.Object, but interface was expected> (0x000000008986a9f8) 
thrown [s\src\hotspot\share\interpreter\linkResolver.cpp, line 838]
Event: 20.957 Thread 0x000001545c3598f0 Exception <a 'java/lang/NoSuchMethodError'{0x0000000089165920}: 'java.lang.Object java.lang.invoke.DirectMethodHandle$Holder.newInvokeSpecial(java.lang.Object, java.lang.Object, java.lang.Object, java.lang.Object, java.lang.Object, java.lang.Object, java.lang.Object)'> (0x0000000089165920) 
thrown [s\src\hotspot\share\interpreter\linkResolver.cpp, line 771]
Event: 20.958 Thread 0x000001545c3598f0 Exception <a 'java/lang/NoSuchMethodError'{0x000000008916a4d8}: 'java.lang.Object java.lang.invoke.Invokers$Holder.linkToTargetMethod(java.lang.Object, java.lang.Object, java.lang.Object, java.lang.Object, java.lang.Object, java.lang.Object, java.lang.Object)'> (0x000000008916a4d8) 
thrown [s\src\hotspot\share\interpreter\linkResolver.cpp, line 771]
Event: 21.641 Thread 0x000001545c3598f0 Exception <a 'java/lang/NoSuchMethodError'{0x0000000088af2608}: 'java.lang.Object java.lang.invoke.DirectMethodHandle$Holder.invokeInterface(java.lang.Object, java.lang.Object, java.lang.Object)'> (0x0000000088af2608) 
thrown [s\src\hotspot\share\interpreter\linkResolver.cpp, line 771]
Event: 21.641 Thread 0x000001545c3598f0 Exception <a 'java/lang/IncompatibleClassChangeError'{0x0000000088af5f78}: Found class java.lang.Object, but interface was expected> (0x0000000088af5f78) 
thrown [s\src\hotspot\share\interpreter\linkResolver.cpp, line 838]
Event: 21.891 Thread 0x000001545c3598f0 Exception <a 'java/lang/NoSuchMethodError'{0x00000000887768d8}: 'int java.lang.invoke.DirectMethodHandle$Holder.invokeStaticInit(java.lang.Object, int)'> (0x00000000887768d8) 
thrown [s\src\hotspot\share\interpreter\linkResolver.cpp, line 771]
Event: 23.325 Thread 0x000001545c3598f0 Exception <a 'java/lang/NoSuchMethodError'{0x000000008d3738d0}: 'java.lang.Object java.lang.invoke.DirectMethodHandle$Holder.invokeStatic(java.lang.Object, int, java.lang.Object)'> (0x000000008d3738d0) 
thrown [s\src\hotspot\share\interpreter\linkResolver.cpp, line 771]
Event: 23.537 Thread 0x000001545c3598f0 Implicit null exception at 0x000001546754a927 to 0x000001546754bcd8
Event: 27.270 Thread 0x000001545c3598f0 Exception <a 'java/lang/NoSuchMethodError'{0x000000008bb13cf8}: 'java.lang.Object java.lang.invoke.DirectMethodHandle$Holder.newInvokeSpecial(java.lang.Object, int, java.lang.Object, java.lang.Object)'> (0x000000008bb13cf8) 
thrown [s\src\hotspot\share\interpreter\linkResolver.cpp, line 771]

VM Operations (20 events):
Event: 28.785 Executing VM operation: ICBufferFull
Event: 28.786 Executing VM operation: ICBufferFull done
Event: 28.814 Executing VM operation: HandshakeAllThreads
Event: 28.817 Executing VM operation: HandshakeAllThreads done
Event: 28.903 Executing VM operation: ICBufferFull
Event: 28.903 Executing VM operation: ICBufferFull done
Event: 29.213 Executing VM operation: ICBufferFull
Event: 29.213 Executing VM operation: ICBufferFull done
Event: 29.653 Executing VM operation: ICBufferFull
Event: 29.653 Executing VM operation: ICBufferFull done
Event: 29.869 Executing VM operation: ICBufferFull
Event: 29.870 Executing VM operation: ICBufferFull done
Event: 30.073 Executing VM operation: ICBufferFull
Event: 30.074 Executing VM operation: ICBufferFull done
Event: 30.473 Executing VM operation: ICBufferFull
Event: 30.473 Executing VM operation: ICBufferFull done
Event: 30.830 Executing VM operation: ICBufferFull
Event: 30.831 Executing VM operation: ICBufferFull done
Event: 31.080 Executing VM operation: ICBufferFull
Event: 31.080 Executing VM operation: ICBufferFull done

Events (20 events):
Event: 21.900 loading class jdk/internal/math/FloatingDecimal$ASCIIToBinaryConverter done
Event: 21.900 loading class jdk/internal/math/FloatingDecimal$PreparedASCIIToBinaryBuffer done
Event: 22.474 loading class java/util/regex/Pattern$Bound
Event: 22.474 loading class java/util/regex/Pattern$Bound done
Event: 22.474 loading class java/util/regex/Pattern$LookBehindEndNode
Event: 22.475 loading class java/util/regex/Pattern$LookBehindEndNode done
Event: 22.475 loading class java/util/regex/Pattern$NotBehind
Event: 22.476 loading class java/util/regex/Pattern$NotBehind done
Event: 24.049 loading class jdk/internal/math/FloatingDecimal$ASCIIToBinaryBuffer
Event: 24.050 loading class jdk/internal/math/FloatingDecimal$ASCIIToBinaryBuffer done
Event: 24.985 Thread 0x000001547d0ebb90 Thread added: 0x000001547d0ebb90
Event: 25.321 Thread 0x000001547d0ebb90 Thread exited: 0x000001547d0ebb90
Event: 25.392 Thread 0x000001547c8b8040 Thread added: 0x000001547c8b8040
Event: 26.189 Thread 0x000001547c8b8040 Thread exited: 0x000001547c8b8040
Event: 26.629 Thread 0x000001547d2c8b00 Thread added: 0x000001547d2c8b00
Event: 28.709 loading class java/util/Collections$CopiesList
Event: 28.712 loading class java/util/Collections$CopiesList done
Event: 28.839 Thread 0x00000154759dd320 flushing nmethod 0x0000015460661110
Event: 28.945 loading class java/util/concurrent/locks/AbstractQueuedSynchronizer$Node
Event: 28.945 loading class java/util/concurrent/locks/AbstractQueuedSynchronizer$Node done


Dynamic libraries:
0x00007ff7e6910000 - 0x00007ff7e691a000 	C:\Program Files\Android\Android Studio\jbr\bin\java.exe
0x00007ff90e5f0000 - 0x00007ff90e807000 	C:\Windows\SYSTEM32\ntdll.dll
0x00007ff90d600000 - 0x00007ff90d6c4000 	C:\Windows\System32\KERNEL32.DLL
0x00007ff90b970000 - 0x00007ff90bd27000 	C:\Windows\System32\KERNELBASE.dll
0x00007ff90bd30000 - 0x00007ff90be41000 	C:\Windows\System32\ucrtbase.dll
0x00007ff8e2d90000 - 0x00007ff8e2da7000 	C:\Program Files\Android\Android Studio\jbr\bin\jli.dll
0x00007ff90d1f0000 - 0x00007ff90d39f000 	C:\Windows\System32\USER32.dll
0x00007ff9021f0000 - 0x00007ff90220b000 	C:\Program Files\Android\Android Studio\jbr\bin\VCRUNTIME140.dll
0x00007ff90be50000 - 0x00007ff90be76000 	C:\Windows\System32\win32u.dll
0x00007ff90e540000 - 0x00007ff90e569000 	C:\Windows\System32\GDI32.dll
0x00007ff90bf20000 - 0x00007ff90c038000 	C:\Windows\System32\gdi32full.dll
0x00007ff90be80000 - 0x00007ff90bf1a000 	C:\Windows\System32\msvcp_win.dll
0x00007ff8f4580000 - 0x00007ff8f4813000 	C:\Windows\WinSxS\amd64_microsoft.windows.common-controls_6595b64144ccf1df_6.0.22621.3672_none_2713b9d173822955\COMCTL32.dll
0x00007ff90d550000 - 0x00007ff90d5f7000 	C:\Windows\System32\msvcrt.dll
0x00007ff90d890000 - 0x00007ff90d8c1000 	C:\Windows\System32\IMM32.DLL
0x00007ff902300000 - 0x00007ff90230c000 	C:\Program Files\Android\Android Studio\jbr\bin\vcruntime140_1.dll
0x00007ff8ea910000 - 0x00007ff8ea99d000 	C:\Program Files\Android\Android Studio\jbr\bin\msvcp140.dll
0x00007ff8bd8a0000 - 0x00007ff8be523000 	C:\Program Files\Android\Android Studio\jbr\bin\server\jvm.dll
0x00007ff90e2d0000 - 0x00007ff90e382000 	C:\Windows\System32\ADVAPI32.dll
0x00007ff90d060000 - 0x00007ff90d108000 	C:\Windows\System32\sechost.dll
0x00007ff90c0c0000 - 0x00007ff90c0e8000 	C:\Windows\System32\bcrypt.dll
0x00007ff90cd80000 - 0x00007ff90ce94000 	C:\Windows\System32\RPCRT4.dll
0x00007ff90b7d0000 - 0x00007ff90b81d000 	C:\Windows\SYSTEM32\POWRPROF.dll
0x00007ff904140000 - 0x00007ff904149000 	C:\Windows\SYSTEM32\WSOCK32.dll
0x00007ff901180000 - 0x00007ff9011b4000 	C:\Windows\SYSTEM32\WINMM.dll
0x00007ff90c490000 - 0x00007ff90c501000 	C:\Windows\System32\WS2_32.dll
0x00007ff9058c0000 - 0x00007ff9058ca000 	C:\Windows\SYSTEM32\VERSION.dll
0x00007ff90b7b0000 - 0x00007ff90b7c3000 	C:\Windows\SYSTEM32\UMPDC.dll
0x00007ff90a910000 - 0x00007ff90a928000 	C:\Windows\SYSTEM32\kernel.appcore.dll
0x00007ff8f0ca0000 - 0x00007ff8f0caa000 	C:\Program Files\Android\Android Studio\jbr\bin\jimage.dll
0x00007ff9061a0000 - 0x00007ff9063d2000 	C:\Windows\SYSTEM32\DBGHELP.DLL
0x00007ff90d8d0000 - 0x00007ff90dc5e000 	C:\Windows\System32\combase.dll
0x00007ff90d110000 - 0x00007ff90d1e7000 	C:\Windows\System32\OLEAUT32.dll
0x00007ff8ea480000 - 0x00007ff8ea4b2000 	C:\Windows\SYSTEM32\dbgcore.DLL
0x00007ff90c040000 - 0x00007ff90c0bb000 	C:\Windows\System32\bcryptPrimitives.dll
0x00007ff8e3de0000 - 0x00007ff8e3e05000 	C:\Program Files\Android\Android Studio\jbr\bin\java.dll
0x00007ff8e3a10000 - 0x00007ff8e3a28000 	C:\Program Files\Android\Android Studio\jbr\bin\zip.dll
0x00007ff90c510000 - 0x00007ff90cd79000 	C:\Windows\System32\SHELL32.dll
0x00007ff909820000 - 0x00007ff90a11f000 	C:\Windows\SYSTEM32\windows.storage.dll
0x00007ff9096e0000 - 0x00007ff90981f000 	C:\Windows\SYSTEM32\wintypes.dll
0x00007ff90e0f0000 - 0x00007ff90e1e9000 	C:\Windows\System32\SHCORE.dll
0x00007ff90e1f0000 - 0x00007ff90e24e000 	C:\Windows\System32\shlwapi.dll
0x00007ff90b830000 - 0x00007ff90b857000 	C:\Windows\SYSTEM32\profapi.dll
0x00007ff8e39f0000 - 0x00007ff8e3a09000 	C:\Program Files\Android\Android Studio\jbr\bin\net.dll
0x00007ff9011c0000 - 0x00007ff9012f6000 	C:\Windows\SYSTEM32\WINHTTP.dll
0x00007ff90ad70000 - 0x00007ff90add9000 	C:\Windows\system32\mswsock.dll
0x00007ff8e39d0000 - 0x00007ff8e39e6000 	C:\Program Files\Android\Android Studio\jbr\bin\nio.dll
0x00007ff8e39c0000 - 0x00007ff8e39d0000 	C:\Program Files\Android\Android Studio\jbr\bin\verify.dll

dbghelp: loaded successfully - version: 4.0.5 - missing functions: none
symbol engine: initialized successfully - sym options: 0x614 - pdb path: .;C:\Program Files\Android\Android Studio\jbr\bin;C:\Windows\SYSTEM32;C:\Windows\WinSxS\amd64_microsoft.windows.common-controls_6595b64144ccf1df_6.0.22621.3672_none_2713b9d173822955;C:\Program Files\Android\Android Studio\jbr\bin\server

VM Arguments:
java_command: org.jetbrains.kotlin.cli.jvm.K2JVMCompiler @C:\Users\91775\AndroidStudioProjects\SafeBite2\app\build\20241119_2150025525213363299.compiler.options
java_class_path (initial): C:\Users\91775\.gradle\caches\modules-2\files-2.1\org.jetbrains.kotlin\kotlin-compiler-embeddable\1.9.0\2c8c3a7402becca891f12739b3e9fd2dc2adbd7a\kotlin-compiler-embeddable-1.9.0.jar;C:\Users\91775\.gradle\caches\modules-2\files-2.1\org.jetbrains.kotlin\kotlin-stdlib\1.9.0\8ee15ef0c67dc83d874f412d84378d7f0eb50b63\kotlin-stdlib-1.9.0.jar;C:\Users\91775\.gradle\caches\modules-2\files-2.1\org.jetbrains.kotlin\kotlin-script-runtime\1.9.0\4b3102cbbb7e1b58d9d1adf89563f00069ffa7d1\kotlin-script-runtime-1.9.0.jar;C:\Users\91775\.gradle\caches\modules-2\files-2.1\org.jetbrains.kotlin\kotlin-reflect\1.6.10\1cbe9c92c12a94eea200d23c2bbaedaf3daf5132\kotlin-reflect-1.6.10.jar;C:\Users\91775\.gradle\caches\modules-2\files-2.1\org.jetbrains.kotlin\kotlin-daemon-embeddable\1.9.0\186543f5e28cf8d9a0290fecc2cf34301c40a65c\kotlin-daemon-embeddable-1.9.0.jar;C:\Users\91775\.gradle\caches\modules-2\files-2.1\org.jetbrains.intellij.deps\trove4j\1.0.20200330\3afb14d5f9ceb459d724e907a21145e8ff394f02\trove4j-1.0.20200330.jar;C:\Users\91775\.gradle\caches\modules-2\files-2.1\org.jetbrains.kotlin\kotlin-stdlib-common\1.9.0\cd65c21cfd1eec4d44ef09f9f52b6d9f8a720636\kotlin-stdlib-common-1.9.0.jar;C:\Users\91775\.gradle\caches\modules-2\files-2.1\org.jetbrains\annotations\13.0\919f0dfe192fb4e063e7dacadee7f8bb9a2672a9\annotations-13.0.jar
Launcher Type: SUN_STANDARD

[Global flags]
     intx CICompilerCount                          = 3                                         {product} {ergonomic}
     uint ConcGCThreads                            = 1                                         {product} {ergonomic}
     uint G1ConcRefinementThreads                  = 4                                         {product} {ergonomic}
   size_t G1HeapRegionSize                         = 1048576                                   {product} {ergonomic}
    uintx GCDrainStackTargetSize                   = 64                                        {product} {ergonomic}
   size_t InitialHeapSize                          = 134217728                                 {product} {ergonomic}
   size_t MarkStackSize                            = 4194304                                   {product} {ergonomic}
   size_t MaxHeapSize                              = 2118123520                                {product} {ergonomic}
   size_t MaxNewSize                               = 1270874112                                {product} {ergonomic}
   size_t MinHeapDeltaBytes                        = 1048576                                   {product} {ergonomic}
   size_t MinHeapSize                              = 8388608                                   {product} {ergonomic}
    uintx NonNMethodCodeHeapSize                   = 5832780                                {pd product} {ergonomic}
    uintx NonProfiledCodeHeapSize                  = 122912730                              {pd product} {ergonomic}
    uintx ProfiledCodeHeapSize                     = 122912730                              {pd product} {ergonomic}
    uintx ReservedCodeCacheSize                    = 251658240                              {pd product} {ergonomic}
     bool SegmentedCodeCache                       = true                                      {product} {ergonomic}
   size_t SoftMaxHeapSize                          = 2118123520                             {manageable} {ergonomic}
     bool UseCompressedClassPointers               = true                           {product lp64_product} {ergonomic}
     bool UseCompressedOops                        = true                           {product lp64_product} {ergonomic}
     bool UseG1GC                                  = true                                      {product} {ergonomic}
     bool UseLargePagesIndividualAllocation        = false                                  {pd product} {ergonomic}

Logging:
Log output configuration:
 #0: stdout all=warning uptime,level,tags
 #1: stderr all=off uptime,level,tags

Environment Variables:
JAVA_HOME=C:\Program Files\Java\jdk-17.0.1
CLASSPATH=C:\Windows\system32;C:\Windows;C:\Windows\System32\Wbem;C:\Windows\System32\WindowsPowerShell\v1.0\;C:\Windows\System32\OpenSSH\;C:\Program Files\Microsoft\Web Platform Installer\;C:\Program Files (x86)\Microsoft ASP.NET\ASP.NET Web Pages\v1.0\;C:\Program Files (x86)\Windows Kits\8.0\Windows Performance Toolkit\;C:\Program Files\Java\jdk-17.0.1;C:\Program Files\Apache Software Foundation\Tomcat 10.1\lib\jsp-api.jar;C:\Program Files\Apache Software Foundation\Tomcat 10.1\lib\servlet-api.jar;C:\Program Files\Java\jdk-17.0.1\bin;C:\oraclexe\app\oracle\product\10.2.0\server\jdbc\lib\ojdbc14.jar;C:\oraclexe\app\oracle\product\10.2.0\server\jdbc\lib\ojdbc14_g.jar;C:\MinGW\bin;
PATH=C:\Users\91775\AppData\Local\Programs\Python\Launcher\;C:\Users\91775\AppData\Local\Microsoft\WindowsApps;C:\oraclexe\app\oracle\product\10.2.0\server\jdbc\lib\ojdbc14.jar;C:\MinGW\bin;C:\Users\91775\AppData\Local\Programs\Microsoft VS Code\bin
USERNAME=91775
OS=Windows_NT
PROCESSOR_IDENTIFIER=Intel64 Family 6 Model 78 Stepping 3, GenuineIntel
TMP=C:\Users\91775\AppData\Local\Temp
TEMP=C:\Users\91775\AppData\Local\Temp



Periodic native trim disabled

JNI global refs:
JNI global refs: 11, weak refs: 15

JNI global refs memory usage: 843, weak refs: 841

Process memory usage:
Resident Set Size: 384932K (4% of 8266336K total physical memory with 525128K free physical memory)

OOME stack traces (most recent first):
Classloader memory used:
Loader jdk.internal.loader.ClassLoaders$AppClassLoader                                 : 6981K
Loader bootstrap                                                                       : 1364K
Loader jdk.internal.reflect.DelegatingClassLoader                                      : 22137B


---------------  S Y S T E M  ---------------

OS:
 Windows 11 , 64 bit Build 22621 (10.0.22621.3958)
OS uptime: 0 days 1:45 hours
Hyper-V role detected

CPU: total 4 (initial active 4) (2 cores per cpu, 2 threads per core) family 6 model 78 stepping 3 microcode 0xea, cx8, cmov, fxsr, ht, mmx, 3dnowpref, sse, sse2, sse3, ssse3, sse4.1, sse4.2, popcnt, lzcnt, tsc, tscinvbit, avx, avx2, aes, erms, clmul, bmi1, bmi2, rtm, adx, fma, vzeroupper, clflush, clflushopt, hv
Processor Information for all 4 processors :
  Max Mhz: 2496, Current Mhz: 2396, Mhz Limit: 2396

Memory: 4k page, system-wide physical 8072M (512M free)
TotalPageFile size 10120M (AvailPageFile size 7M)
current process WorkingSet (physical memory assigned to process): 376M, peak: 379M
current process commit charge ("private bytes"): 413M, peak: 417M

vm_info: OpenJDK 64-Bit Server VM (17.0.11+0--11852314) for windows-amd64 JRE (17.0.11+0--11852314), built on May 16 2024 21:29:20 by "androidbuild" with MS VC++ 16.10 / 16.11 (VS2019)

END.
