#
# There is insufficient memory for the Java Runtime Environment to continue.
# Native memory allocation (mmap) failed to map 125829120 bytes. Error detail: G1 virtual space
# Possible reasons:
#   The system is out of physical RAM or swap space
#   This process is running with CompressedOops enabled, and the Java Heap may be blocking the growth of the native heap
# Possible solutions:
#   Reduce memory load on the system
#   Increase physical memory or swap space
#   Check if swap backing store is full
#   Decrease Java heap size (-Xmx/-Xms)
#   Decrease number of Java threads
#   Decrease Java thread stack sizes (-Xss)
#   Set larger code cache with -XX:ReservedCodeCacheSize=
#   JVM is running with Unscaled Compressed Oops mode in which the Java heap is
#     placed in the first 4GB address space. The Java Heap base address is the
#     maximum limit for the native heap growth. Please use -XX:HeapBaseMinAddress
#     to set the Java Heap base and to place the Java Heap above 4GB virtual address.
# This output file may be truncated or incomplete.
#
#  Out of Memory Error (os_windows.cpp:3825), pid=8556, tid=3124
#
# JRE version: OpenJDK Runtime Environment (17.0.11) (build 17.0.11+0--11852314)
# Java VM: OpenJDK 64-Bit Server VM (17.0.11+0--11852314, mixed mode, tiered, compressed oops, compressed class ptrs, g1 gc, windows-amd64)
# No core dump will be written. Minidumps are not enabled by default on client versions of Windows
#

---------------  S U M M A R Y ------------

Command Line: --add-opens=java.base/java.util=ALL-UNNAMED --add-opens=java.base/java.lang=ALL-UNNAMED --add-opens=java.base/java.lang.invoke=ALL-UNNAMED --add-opens=java.prefs/java.util.prefs=ALL-UNNAMED --add-opens=java.base/java.nio.charset=ALL-UNNAMED --add-opens=java.base/java.net=ALL-UNNAMED --add-opens=java.base/java.util.concurrent.atomic=ALL-UNNAMED -Xmx2048m -Dfile.encoding=UTF-8 -Duser.country=IN -Duser.language=en -Duser.variant -javaagent:C:\Users\91775\.gradle\wrapper\dists\gradle-8.7-bin\bhs2wmbdwecv87pi65oeuq5iu\gradle-8.7\lib\agents\gradle-instrumentation-agent-8.7.jar org.gradle.launcher.daemon.bootstrap.GradleDaemon 8.7

Host: Intel(R) Core(TM) i5-6300U CPU @ 2.40GHz, 4 cores, 7G,  Windows 11 , 64 bit Build 22621 (10.0.22621.3958)
Time: Fri Nov  8 01:41:52 2024 India Standard Time elapsed time: 12.957781 seconds (0d 0h 0m 12s)

---------------  T H R E A D  ---------------

Current thread (0x000002209e1d96c0):  VMThread "VM Thread" [stack: 0x0000003558500000,0x0000003558600000] [id=3124]

Stack: [0x0000003558500000,0x0000003558600000]
Native frames: (J=compiled Java code, j=interpreted, Vv=VM code, C=native code)
V  [jvm.dll+0x687bb9]
V  [jvm.dll+0x84142a]
V  [jvm.dll+0x8430ae]
V  [jvm.dll+0x843713]
V  [jvm.dll+0x24a35f]
V  [jvm.dll+0x684989]
V  [jvm.dll+0x67923a]
V  [jvm.dll+0x30af0b]
V  [jvm.dll+0x3123b6]
V  [jvm.dll+0x361dfe]
V  [jvm.dll+0x36202f]
V  [jvm.dll+0x2e0d38]
V  [jvm.dll+0x2df144]
V  [jvm.dll+0x2de74c]
V  [jvm.dll+0x32305b]
V  [jvm.dll+0x847e0b]
V  [jvm.dll+0x848b42]
V  [jvm.dll+0x84905d]
V  [jvm.dll+0x849434]
V  [jvm.dll+0x849500]
V  [jvm.dll+0x7efa4a]
V  [jvm.dll+0x686a35]
C  [ucrtbase.dll+0x29333]
C  [KERNEL32.DLL+0x1257d]
C  [ntdll.dll+0x5af08]

VM_Operation (0x0000003559bf52a0): G1CollectForAllocation, mode: safepoint, requested by thread 0x00000220a3795a90


---------------  P R O C E S S  ---------------

Threads class SMR info:
_java_thread_list=0x00000220a6696620, length=39, elements={
0x0000022082c8baa0, 0x000002209e1f3300, 0x000002209e32e160, 0x000002209e1f9280,
0x000002209e1f9f10, 0x000002209e1fd9f0, 0x000002209e351290, 0x000002209e351b90,
0x000002209e358230, 0x000002209e3693f0, 0x000002209e485010, 0x000002209e652200,
0x00000220a3796ed0, 0x00000220a3797e00, 0x00000220a3798310, 0x00000220a3795070,
0x00000220a37969c0, 0x00000220a3794b60, 0x00000220a3795a90, 0x00000220a37964b0,
0x00000220a37973e0, 0x00000220a3795580, 0x00000220a4aed460, 0x00000220a4aeabe0,
0x00000220a4aec020, 0x00000220a4af0c10, 0x00000220a4aef7d0, 0x00000220a4aec530,
0x00000220a4af1120, 0x00000220a4aef2c0, 0x00000220a4aeca40, 0x00000220a4ae9cb0,
0x00000220a4af01f0, 0x00000220a4aefce0, 0x00000220a4aecf50, 0x00000220a4aee8a0,
0x00000220a4aeedb0, 0x00000220a4af0700, 0x00000220a4aea1c0
}

Java Threads: ( => current thread )
  0x0000022082c8baa0 JavaThread "main" [_thread_blocked, id=12336, stack(0x0000003557f00000,0x0000003558000000)]
  0x000002209e1f3300 JavaThread "Reference Handler" daemon [_thread_blocked, id=3144, stack(0x0000003558600000,0x0000003558700000)]
  0x000002209e32e160 JavaThread "Finalizer" daemon [_thread_blocked, id=1240, stack(0x0000003558700000,0x0000003558800000)]
  0x000002209e1f9280 JavaThread "Signal Dispatcher" daemon [_thread_blocked, id=7684, stack(0x0000003558800000,0x0000003558900000)]
  0x000002209e1f9f10 JavaThread "Attach Listener" daemon [_thread_blocked, id=8236, stack(0x0000003558900000,0x0000003558a00000)]
  0x000002209e1fd9f0 JavaThread "Service Thread" daemon [_thread_blocked, id=2868, stack(0x0000003558a00000,0x0000003558b00000)]
  0x000002209e351290 JavaThread "Monitor Deflation Thread" daemon [_thread_blocked, id=13000, stack(0x0000003558b00000,0x0000003558c00000)]
  0x000002209e351b90 JavaThread "C2 CompilerThread0" daemon [_thread_blocked, id=6140, stack(0x0000003558c00000,0x0000003558d00000)]
  0x000002209e358230 JavaThread "C1 CompilerThread0" daemon [_thread_blocked, id=1284, stack(0x0000003558d00000,0x0000003558e00000)]
  0x000002209e3693f0 JavaThread "Sweeper thread" daemon [_thread_blocked, id=13636, stack(0x0000003558e00000,0x0000003558f00000)]
  0x000002209e485010 JavaThread "Common-Cleaner" daemon [_thread_blocked, id=14208, stack(0x0000003558f00000,0x0000003559000000)]
  0x000002209e652200 JavaThread "Notification Thread" daemon [_thread_blocked, id=8284, stack(0x0000003559000000,0x0000003559100000)]
  0x00000220a3796ed0 JavaThread "Daemon health stats" [_thread_blocked, id=2264, stack(0x0000003559500000,0x0000003559600000)]
  0x00000220a3797e00 JavaThread "Incoming local TCP Connector on port 57837" [_thread_in_native, id=12120, stack(0x0000003559600000,0x0000003559700000)]
  0x00000220a3798310 JavaThread "Daemon periodic checks" [_thread_blocked, id=2456, stack(0x0000003559700000,0x0000003559800000)]
  0x00000220a3795070 JavaThread "Daemon" [_thread_blocked, id=6948, stack(0x0000003559800000,0x0000003559900000)]
  0x00000220a37969c0 JavaThread "Handler for socket connection from /127.0.0.1:57837 to /127.0.0.1:57838" [_thread_in_native, id=11320, stack(0x0000003559900000,0x0000003559a00000)]
  0x00000220a3794b60 JavaThread "Cancel handler" [_thread_blocked, id=8144, stack(0x0000003559a00000,0x0000003559b00000)]
  0x00000220a3795a90 JavaThread "Daemon worker" [_thread_blocked, id=2708, stack(0x0000003559b00000,0x0000003559c00000)]
  0x00000220a37964b0 JavaThread "Asynchronous log dispatcher for DefaultDaemonConnection: socket connection from /127.0.0.1:57837 to /127.0.0.1:57838" [_thread_blocked, id=12976, stack(0x0000003559c00000,0x0000003559d00000)]
  0x00000220a37973e0 JavaThread "Stdin handler" [_thread_blocked, id=8640, stack(0x0000003559d00000,0x0000003559e00000)]
  0x00000220a3795580 JavaThread "Daemon client event forwarder" [_thread_blocked, id=12804, stack(0x0000003559e00000,0x0000003559f00000)]
  0x00000220a4aed460 JavaThread "Cache worker for journal cache (C:\Users\91775\.gradle\caches\journal-1)" [_thread_blocked, id=2124, stack(0x0000003559f00000,0x000000355a000000)]
  0x00000220a4aeabe0 JavaThread "File lock request listener" [_thread_in_native, id=9608, stack(0x000000355a000000,0x000000355a100000)]
  0x00000220a4aec020 JavaThread "Cache worker for file hash cache (C:\Users\91775\.gradle\caches\8.7\fileHashes)" [_thread_blocked, id=13940, stack(0x000000355a100000,0x000000355a200000)]
  0x00000220a4af0c10 JavaThread "Cache worker for file hash cache (C:\Users\91775\AndroidStudioProjects\SafeBite2\.gradle\8.7\fileHashes)" [_thread_blocked, id=8012, stack(0x000000355a200000,0x000000355a300000)]
  0x00000220a4aef7d0 JavaThread "File watcher server" daemon [_thread_blocked, id=928, stack(0x000000355a300000,0x000000355a400000)]
  0x00000220a4aec530 JavaThread "File watcher consumer" daemon [_thread_blocked, id=5168, stack(0x000000355a400000,0x000000355a500000)]
  0x00000220a4af1120 JavaThread "Cache worker for checksums cache (C:\Users\91775\AndroidStudioProjects\SafeBite2\.gradle\8.7\checksums)" [_thread_blocked, id=7348, stack(0x000000355a500000,0x000000355a600000)]
  0x00000220a4aef2c0 JavaThread "Cache worker for cache directory md-supplier (C:\Users\91775\.gradle\caches\8.7\md-supplier)" [_thread_blocked, id=9036, stack(0x000000355a600000,0x000000355a700000)]
  0x00000220a4aeca40 JavaThread "Cache worker for cache directory md-rule (C:\Users\91775\.gradle\caches\8.7\md-rule)" [_thread_blocked, id=13364, stack(0x000000355a700000,0x000000355a800000)]
  0x00000220a4ae9cb0 JavaThread "Cache worker for file content cache (C:\Users\91775\.gradle\caches\8.7\fileContent)" [_thread_blocked, id=13368, stack(0x000000355a800000,0x000000355a900000)]
  0x00000220a4af01f0 JavaThread "Cache worker for Build Output Cleanup Cache (C:\Users\91775\AndroidStudioProjects\SafeBite2\.gradle\buildOutputCleanup)" [_thread_blocked, id=5608, stack(0x000000355a900000,0x000000355aa00000)]
  0x00000220a4aefce0 JavaThread "Unconstrained build operations" [_thread_blocked, id=11304, stack(0x000000355aa00000,0x000000355ab00000)]
  0x00000220a4aecf50 JavaThread "Unconstrained build operations Thread 2" [_thread_blocked, id=7188, stack(0x000000355ab00000,0x000000355ac00000)]
  0x00000220a4aee8a0 JavaThread "Unconstrained build operations Thread 3" [_thread_blocked, id=13516, stack(0x000000355ac00000,0x000000355ad00000)]
  0x00000220a4aeedb0 JavaThread "Unconstrained build operations Thread 4" [_thread_blocked, id=13408, stack(0x000000355ad00000,0x000000355ae00000)]
  0x00000220a4af0700 JavaThread "Unconstrained build operations Thread 5" [_thread_blocked, id=5196, stack(0x000000355ae00000,0x000000355af00000)]
  0x00000220a4aea1c0 JavaThread "Unconstrained build operations Thread 6" [_thread_blocked, id=3764, stack(0x000000355af00000,0x000000355b000000)]

Other Threads:
=>0x000002209e1d96c0 VMThread "VM Thread" [stack: 0x0000003558500000,0x0000003558600000] [id=3124]
  0x000002209e6d9040 WatcherThread [stack: 0x0000003559100000,0x0000003559200000] [id=8424]
  0x0000022082ce8070 GCTaskThread "GC Thread#0" [stack: 0x0000003558000000,0x0000003558100000] [id=8656]
  0x00000220a3370780 GCTaskThread "GC Thread#1" [stack: 0x0000003559200000,0x0000003559300000] [id=7656]
  0x00000220a31bad60 GCTaskThread "GC Thread#2" [stack: 0x0000003559300000,0x0000003559400000] [id=9700]
  0x00000220a3426830 GCTaskThread "GC Thread#3" [stack: 0x0000003559400000,0x0000003559500000] [id=13992]
  0x0000022082cfafd0 ConcurrentGCThread "G1 Main Marker" [stack: 0x0000003558100000,0x0000003558200000] [id=12408]
  0x0000022082cfb9f0 ConcurrentGCThread "G1 Conc#0" [stack: 0x0000003558200000,0x0000003558300000] [id=2684]
  0x0000022082d3dd00 ConcurrentGCThread "G1 Refine#0" [stack: 0x0000003558300000,0x0000003558400000] [id=8788]
  0x0000022082d3e730 ConcurrentGCThread "G1 Service" [stack: 0x0000003558400000,0x0000003558500000] [id=1460]

Threads with active compile tasks:

VM state: at safepoint (normal execution)

VM Mutex/Monitor currently owned by a thread:  ([mutex/lock_event])
[0x0000022082c87bc0] Threads_lock - owner thread: 0x000002209e1d96c0
[0x0000022082c87c50] Heap_lock - owner thread: 0x00000220a3795a90

Heap address: 0x0000000080000000, size: 2048 MB, Compressed Oops mode: 32-bit

CDS archive(s) not mapped
Compressed class space mapped at: 0x0000000100000000-0x0000000140000000, reserved size: 1073741824
Narrow klass base: 0x0000000000000000, Narrow klass shift: 3, Narrow klass range: 0x140000000

GC Precious Log:
 CPUs: 4 total, 4 available
 Memory: 8072M
 Large Page Support: Disabled
 NUMA Support: Disabled
 Compressed Oops: Enabled (32-bit)
 Heap Region Size: 1M
 Heap Min Capacity: 8M
 Heap Initial Capacity: 128M
 Heap Max Capacity: 2G
 Pre-touch: Disabled
 Parallel Workers: 4
 Concurrent Workers: 1
 Concurrent Refinement Workers: 4
 Periodic GC: Disabled

Heap:
 garbage-first heap   total 131072K, used 63856K [0x0000000080000000, 0x0000000100000000)
  region size 1024K, 1 young (1024K), 1 survivors (1024K)
 Metaspace       used 58534K, committed 59072K, reserved 1114112K
  class space    used 8006K, committed 8256K, reserved 1048576K

Heap Regions: E=young(eden), S=young(survivor), O=old, HS=humongous(starts), HC=humongous(continues), CS=collection set, F=free, OA=open archive, CA=closed archive, TAMS=top-at-mark-start (previous, next)
|   0|0x0000000080000000, 0x0000000080100000, 0x0000000080100000|100%| O|  |TAMS 0x0000000080100000, 0x0000000080000000| Untracked 
|   1|0x0000000080100000, 0x0000000080200000, 0x0000000080200000|100%|HS|  |TAMS 0x0000000080200000, 0x0000000080100000| Complete 
|   2|0x0000000080200000, 0x0000000080300000, 0x0000000080300000|100%|HC|  |TAMS 0x0000000080300000, 0x0000000080200000| Complete 
|   3|0x0000000080300000, 0x0000000080400000, 0x0000000080400000|100%|HC|  |TAMS 0x0000000080400000, 0x0000000080300000| Complete 
|   4|0x0000000080400000, 0x0000000080500000, 0x0000000080500000|100%|HC|  |TAMS 0x0000000080500000, 0x0000000080400000| Complete 
|   5|0x0000000080500000, 0x0000000080600000, 0x0000000080600000|100%| O|  |TAMS 0x0000000080600000, 0x0000000080500000| Untracked 
|   6|0x0000000080600000, 0x0000000080700000, 0x0000000080700000|100%| O|  |TAMS 0x0000000080700000, 0x0000000080600000| Untracked 
|   7|0x0000000080700000, 0x0000000080800000, 0x0000000080800000|100%| O|  |TAMS 0x0000000080800000, 0x0000000080700000| Untracked 
|   8|0x0000000080800000, 0x0000000080900000, 0x0000000080900000|100%| O|  |TAMS 0x0000000080900000, 0x0000000080800000| Untracked 
|   9|0x0000000080900000, 0x0000000080a00000, 0x0000000080a00000|100%| O|  |TAMS 0x0000000080a00000, 0x0000000080900000| Untracked 
|  10|0x0000000080a00000, 0x0000000080b00000, 0x0000000080b00000|100%| O|  |TAMS 0x0000000080b00000, 0x0000000080a00000| Untracked 
|  11|0x0000000080b00000, 0x0000000080c00000, 0x0000000080c00000|100%| O|  |TAMS 0x0000000080c00000, 0x0000000080b00000| Untracked 
|  12|0x0000000080c00000, 0x0000000080d00000, 0x0000000080d00000|100%| O|  |TAMS 0x0000000080d00000, 0x0000000080c00000| Untracked 
|  13|0x0000000080d00000, 0x0000000080e00000, 0x0000000080e00000|100%| O|  |TAMS 0x0000000080e00000, 0x0000000080d00000| Untracked 
|  14|0x0000000080e00000, 0x0000000080f00000, 0x0000000080f00000|100%| O|  |TAMS 0x0000000080f00000, 0x0000000080e00000| Untracked 
|  15|0x0000000080f00000, 0x0000000081000000, 0x0000000081000000|100%| O|  |TAMS 0x0000000081000000, 0x0000000080f00000| Untracked 
|  16|0x0000000081000000, 0x0000000081100000, 0x0000000081100000|100%| O|  |TAMS 0x0000000081100000, 0x0000000081000000| Untracked 
|  17|0x0000000081100000, 0x0000000081200000, 0x0000000081200000|100%| O|  |TAMS 0x0000000081200000, 0x0000000081100000| Untracked 
|  18|0x0000000081200000, 0x0000000081300000, 0x0000000081300000|100%| O|  |TAMS 0x0000000081300000, 0x0000000081200000| Untracked 
|  19|0x0000000081300000, 0x0000000081400000, 0x0000000081400000|100%| O|  |TAMS 0x0000000081400000, 0x0000000081300000| Untracked 
|  20|0x0000000081400000, 0x0000000081500000, 0x0000000081500000|100%| O|  |TAMS 0x0000000081500000, 0x0000000081400000| Untracked 
|  21|0x0000000081500000, 0x0000000081600000, 0x0000000081600000|100%| O|  |TAMS 0x0000000081600000, 0x0000000081500000| Untracked 
|  22|0x0000000081600000, 0x0000000081700000, 0x0000000081700000|100%| O|  |TAMS 0x0000000081700000, 0x0000000081600000| Untracked 
|  23|0x0000000081700000, 0x0000000081800000, 0x0000000081800000|100%| O|  |TAMS 0x0000000081800000, 0x0000000081700000| Untracked 
|  24|0x0000000081800000, 0x0000000081900000, 0x0000000081900000|100%| O|  |TAMS 0x0000000081900000, 0x0000000081800000| Untracked 
|  25|0x0000000081900000, 0x0000000081a00000, 0x0000000081a00000|100%| O|  |TAMS 0x0000000081a00000, 0x0000000081900000| Untracked 
|  26|0x0000000081a00000, 0x0000000081b00000, 0x0000000081b00000|100%| O|  |TAMS 0x0000000081b00000, 0x0000000081a00000| Untracked 
|  27|0x0000000081b00000, 0x0000000081c00000, 0x0000000081c00000|100%| O|  |TAMS 0x0000000081c00000, 0x0000000081b00000| Untracked 
|  28|0x0000000081c00000, 0x0000000081d00000, 0x0000000081d00000|100%| O|  |TAMS 0x0000000081d00000, 0x0000000081c00000| Untracked 
|  29|0x0000000081d00000, 0x0000000081e00000, 0x0000000081e00000|100%| O|  |TAMS 0x0000000081e00000, 0x0000000081d00000| Untracked 
|  30|0x0000000081e00000, 0x0000000081e00000, 0x0000000081f00000|  0%| F|  |TAMS 0x0000000081e00000, 0x0000000081e00000| Untracked 
|  31|0x0000000081f00000, 0x0000000082000000, 0x0000000082000000|100%| O|  |TAMS 0x0000000082000000, 0x0000000081f00000| Untracked 
|  32|0x0000000082000000, 0x0000000082100000, 0x0000000082100000|100%|HS|  |TAMS 0x0000000082100000, 0x0000000082000000| Complete 
|  33|0x0000000082100000, 0x0000000082200000, 0x0000000082200000|100%|HS|  |TAMS 0x0000000082200000, 0x0000000082100000| Complete 
|  34|0x0000000082200000, 0x0000000082300000, 0x0000000082300000|100%|HS|  |TAMS 0x0000000082300000, 0x0000000082200000| Complete 
|  35|0x0000000082300000, 0x0000000082400000, 0x0000000082400000|100%|HC|  |TAMS 0x0000000082400000, 0x0000000082300000| Complete 
|  36|0x0000000082400000, 0x0000000082500000, 0x0000000082500000|100%|HS|  |TAMS 0x0000000082500000, 0x0000000082400000| Complete 
|  37|0x0000000082500000, 0x0000000082600000, 0x0000000082600000|100%|HC|  |TAMS 0x0000000082600000, 0x0000000082500000| Complete 
|  38|0x0000000082600000, 0x0000000082700000, 0x0000000082700000|100%|HS|  |TAMS 0x0000000082700000, 0x0000000082600000| Complete 
|  39|0x0000000082700000, 0x0000000082800000, 0x0000000082800000|100%|HS|  |TAMS 0x0000000082800000, 0x0000000082700000| Complete 
|  40|0x0000000082800000, 0x0000000082900000, 0x0000000082900000|100%|HC|  |TAMS 0x0000000082900000, 0x0000000082800000| Complete 
|  41|0x0000000082900000, 0x0000000082a00000, 0x0000000082a00000|100%|HC|  |TAMS 0x0000000082a00000, 0x0000000082900000| Complete 
|  42|0x0000000082a00000, 0x0000000082b00000, 0x0000000082b00000|100%|HC|  |TAMS 0x0000000082b00000, 0x0000000082a00000| Complete 
|  43|0x0000000082b00000, 0x0000000082c00000, 0x0000000082c00000|100%|HS|  |TAMS 0x0000000082c00000, 0x0000000082b00000| Complete 
|  44|0x0000000082c00000, 0x0000000082d00000, 0x0000000082d00000|100%| O|  |TAMS 0x0000000082c00000, 0x0000000082c00000| Untracked 
|  45|0x0000000082d00000, 0x0000000082e00000, 0x0000000082e00000|100%| O|  |TAMS 0x0000000082d00000, 0x0000000082d00000| Untracked 
|  46|0x0000000082e00000, 0x0000000082f00000, 0x0000000082f00000|100%| O|  |TAMS 0x0000000082e00000, 0x0000000082e00000| Untracked 
|  47|0x0000000082f00000, 0x0000000083000000, 0x0000000083000000|100%| O|  |TAMS 0x0000000083000000, 0x0000000082f00000| Untracked 
|  48|0x0000000083000000, 0x0000000083100000, 0x0000000083100000|100%| O|  |TAMS 0x0000000083100000, 0x0000000083000000| Untracked 
|  49|0x0000000083100000, 0x0000000083200000, 0x0000000083200000|100%| O|  |TAMS 0x0000000083100000, 0x0000000083100000| Untracked 
|  50|0x0000000083200000, 0x0000000083300000, 0x0000000083300000|100%| O|  |TAMS 0x0000000083200000, 0x0000000083200000| Untracked 
|  51|0x0000000083300000, 0x0000000083400000, 0x0000000083400000|100%| O|  |TAMS 0x0000000083300000, 0x0000000083300000| Untracked 
|  52|0x0000000083400000, 0x0000000083500000, 0x0000000083500000|100%| O|  |TAMS 0x0000000083400000, 0x0000000083400000| Untracked 
|  53|0x0000000083500000, 0x0000000083600000, 0x0000000083600000|100%| O|  |TAMS 0x0000000083600000, 0x0000000083500000| Untracked 
|  54|0x0000000083600000, 0x0000000083700000, 0x0000000083700000|100%| O|  |TAMS 0x0000000083700000, 0x0000000083600000| Untracked 
|  55|0x0000000083700000, 0x0000000083800000, 0x0000000083800000|100%| O|  |TAMS 0x0000000083800000, 0x0000000083700000| Untracked 
|  56|0x0000000083800000, 0x0000000083900000, 0x0000000083900000|100%| O|  |TAMS 0x0000000083900000, 0x0000000083800000| Untracked 
|  57|0x0000000083900000, 0x0000000083a00000, 0x0000000083a00000|100%| O|  |TAMS 0x0000000083a00000, 0x0000000083900000| Untracked 
|  58|0x0000000083a00000, 0x0000000083b00000, 0x0000000083b00000|100%| O|  |TAMS 0x0000000083adb600, 0x0000000083a00000| Untracked 
|  59|0x0000000083b00000, 0x0000000083c00000, 0x0000000083c00000|100%| O|  |TAMS 0x0000000083b00000, 0x0000000083b00000| Untracked 
|  60|0x0000000083c00000, 0x0000000083d00000, 0x0000000083d00000|100%|HS|  |TAMS 0x0000000083c00000, 0x0000000083c00000| Complete 
|  61|0x0000000083d00000, 0x0000000083da1800, 0x0000000083e00000| 63%| O|  |TAMS 0x0000000083d00000, 0x0000000083d00000| Untracked 
|  62|0x0000000083e00000, 0x0000000083e00000, 0x0000000083f00000|  0%| F|  |TAMS 0x0000000083e00000, 0x0000000083e00000| Untracked 
|  63|0x0000000083f00000, 0x0000000083f00000, 0x0000000084000000|  0%| F|  |TAMS 0x0000000083f00000, 0x0000000083f00000| Untracked 
|  64|0x0000000084000000, 0x0000000084000000, 0x0000000084100000|  0%| F|  |TAMS 0x0000000084000000, 0x0000000084000000| Untracked 
|  65|0x0000000084100000, 0x0000000084100000, 0x0000000084200000|  0%| F|  |TAMS 0x0000000084100000, 0x0000000084100000| Untracked 
|  66|0x0000000084200000, 0x0000000084300000, 0x0000000084300000|100%| O|  |TAMS 0x0000000084200000, 0x0000000084200000| Untracked 
|  67|0x0000000084300000, 0x0000000084300000, 0x0000000084400000|  0%| F|  |TAMS 0x0000000084300000, 0x0000000084300000| Untracked 
|  68|0x0000000084400000, 0x0000000084400000, 0x0000000084500000|  0%| F|  |TAMS 0x0000000084400000, 0x0000000084400000| Untracked 
|  69|0x0000000084500000, 0x0000000084500000, 0x0000000084600000|  0%| F|  |TAMS 0x0000000084500000, 0x0000000084500000| Untracked 
|  70|0x0000000084600000, 0x0000000084600000, 0x0000000084700000|  0%| F|  |TAMS 0x0000000084600000, 0x0000000084600000| Untracked 
|  71|0x0000000084700000, 0x0000000084700000, 0x0000000084800000|  0%| F|  |TAMS 0x0000000084700000, 0x0000000084700000| Untracked 
|  72|0x0000000084800000, 0x0000000084800000, 0x0000000084900000|  0%| F|  |TAMS 0x0000000084800000, 0x0000000084800000| Untracked 
|  73|0x0000000084900000, 0x0000000084900000, 0x0000000084a00000|  0%| F|  |TAMS 0x0000000084900000, 0x0000000084900000| Untracked 
|  74|0x0000000084a00000, 0x0000000084a00000, 0x0000000084b00000|  0%| F|  |TAMS 0x0000000084a00000, 0x0000000084a00000| Untracked 
|  75|0x0000000084b00000, 0x0000000084b00000, 0x0000000084c00000|  0%| F|  |TAMS 0x0000000084b00000, 0x0000000084b00000| Untracked 
|  76|0x0000000084c00000, 0x0000000084c00000, 0x0000000084d00000|  0%| F|  |TAMS 0x0000000084c00000, 0x0000000084c00000| Untracked 
|  77|0x0000000084d00000, 0x0000000084d00000, 0x0000000084e00000|  0%| F|  |TAMS 0x0000000084d00000, 0x0000000084d00000| Untracked 
|  78|0x0000000084e00000, 0x0000000084e00000, 0x0000000084f00000|  0%| F|  |TAMS 0x0000000084e00000, 0x0000000084e00000| Untracked 
|  79|0x0000000084f00000, 0x0000000084f00000, 0x0000000085000000|  0%| F|  |TAMS 0x0000000084f00000, 0x0000000084f00000| Untracked 
|  80|0x0000000085000000, 0x0000000085000000, 0x0000000085100000|  0%| F|  |TAMS 0x0000000085000000, 0x0000000085000000| Untracked 
|  81|0x0000000085100000, 0x0000000085100000, 0x0000000085200000|  0%| F|  |TAMS 0x0000000085100000, 0x0000000085100000| Untracked 
|  82|0x0000000085200000, 0x0000000085200000, 0x0000000085300000|  0%| F|  |TAMS 0x0000000085200000, 0x0000000085200000| Untracked 
|  83|0x0000000085300000, 0x0000000085300000, 0x0000000085400000|  0%| F|  |TAMS 0x0000000085300000, 0x0000000085300000| Untracked 
|  84|0x0000000085400000, 0x0000000085400000, 0x0000000085500000|  0%| F|  |TAMS 0x0000000085400000, 0x0000000085400000| Untracked 
|  85|0x0000000085500000, 0x0000000085500000, 0x0000000085600000|  0%| F|  |TAMS 0x0000000085500000, 0x0000000085500000| Untracked 
|  86|0x0000000085600000, 0x0000000085600000, 0x0000000085700000|  0%| F|  |TAMS 0x0000000085600000, 0x0000000085600000| Untracked 
|  87|0x0000000085700000, 0x0000000085700000, 0x0000000085800000|  0%| F|  |TAMS 0x0000000085700000, 0x0000000085700000| Untracked 
|  88|0x0000000085800000, 0x0000000085800000, 0x0000000085900000|  0%| F|  |TAMS 0x0000000085800000, 0x0000000085800000| Untracked 
|  89|0x0000000085900000, 0x0000000085900000, 0x0000000085a00000|  0%| F|  |TAMS 0x0000000085900000, 0x0000000085900000| Untracked 
|  90|0x0000000085a00000, 0x0000000085a00000, 0x0000000085b00000|  0%| F|  |TAMS 0x0000000085a00000, 0x0000000085a00000| Untracked 
|  91|0x0000000085b00000, 0x0000000085b00000, 0x0000000085c00000|  0%| F|  |TAMS 0x0000000085b00000, 0x0000000085b00000| Untracked 
|  92|0x0000000085c00000, 0x0000000085c00000, 0x0000000085d00000|  0%| F|  |TAMS 0x0000000085c00000, 0x0000000085c00000| Untracked 
|  93|0x0000000085d00000, 0x0000000085d00000, 0x0000000085e00000|  0%| F|  |TAMS 0x0000000085d00000, 0x0000000085d00000| Untracked 
|  94|0x0000000085e00000, 0x0000000085e00000, 0x0000000085f00000|  0%| F|  |TAMS 0x0000000085e00000, 0x0000000085e00000| Untracked 
|  95|0x0000000085f00000, 0x0000000085f00000, 0x0000000086000000|  0%| F|  |TAMS 0x0000000085f00000, 0x0000000085f00000| Untracked 
|  96|0x0000000086000000, 0x0000000086000000, 0x0000000086100000|  0%| F|  |TAMS 0x0000000086000000, 0x0000000086000000| Untracked 
|  97|0x0000000086100000, 0x0000000086100000, 0x0000000086200000|  0%| F|  |TAMS 0x0000000086100000, 0x0000000086100000| Untracked 
|  98|0x0000000086200000, 0x0000000086200000, 0x0000000086300000|  0%| F|  |TAMS 0x0000000086200000, 0x0000000086200000| Untracked 
|  99|0x0000000086300000, 0x0000000086300000, 0x0000000086400000|  0%| F|  |TAMS 0x0000000086300000, 0x0000000086300000| Untracked 
| 100|0x0000000086400000, 0x0000000086400000, 0x0000000086500000|  0%| F|  |TAMS 0x0000000086400000, 0x0000000086400000| Untracked 
| 101|0x0000000086500000, 0x0000000086500000, 0x0000000086600000|  0%| F|  |TAMS 0x0000000086500000, 0x0000000086500000| Untracked 
| 102|0x0000000086600000, 0x0000000086600000, 0x0000000086700000|  0%| F|  |TAMS 0x0000000086600000, 0x0000000086600000| Untracked 
| 103|0x0000000086700000, 0x0000000086700000, 0x0000000086800000|  0%| F|  |TAMS 0x0000000086700000, 0x0000000086700000| Untracked 
| 104|0x0000000086800000, 0x0000000086800000, 0x0000000086900000|  0%| F|  |TAMS 0x0000000086800000, 0x0000000086800000| Untracked 
| 105|0x0000000086900000, 0x0000000086900000, 0x0000000086a00000|  0%| F|  |TAMS 0x0000000086900000, 0x0000000086900000| Untracked 
| 106|0x0000000086a00000, 0x0000000086a00000, 0x0000000086b00000|  0%| F|  |TAMS 0x0000000086a00000, 0x0000000086a00000| Untracked 
| 107|0x0000000086b00000, 0x0000000086b00000, 0x0000000086c00000|  0%| F|  |TAMS 0x0000000086b00000, 0x0000000086b00000| Untracked 
| 108|0x0000000086c00000, 0x0000000086c00000, 0x0000000086d00000|  0%| F|  |TAMS 0x0000000086c00000, 0x0000000086c00000| Untracked 
| 109|0x0000000086d00000, 0x0000000086dbab48, 0x0000000086e00000| 72%| S|CS|TAMS 0x0000000086d00000, 0x0000000086d00000| Complete 
| 110|0x0000000086e00000, 0x0000000086e00000, 0x0000000086f00000|  0%| F|  |TAMS 0x0000000086e00000, 0x0000000086e00000| Untracked 
| 111|0x0000000086f00000, 0x0000000086f00000, 0x0000000087000000|  0%| F|  |TAMS 0x0000000086f00000, 0x0000000086f00000| Untracked 
| 112|0x0000000087000000, 0x0000000087000000, 0x0000000087100000|  0%| F|  |TAMS 0x0000000087000000, 0x0000000087000000| Untracked 
| 113|0x0000000087100000, 0x0000000087100000, 0x0000000087200000|  0%| F|  |TAMS 0x0000000087100000, 0x0000000087100000| Untracked 
| 114|0x0000000087200000, 0x0000000087200000, 0x0000000087300000|  0%| F|  |TAMS 0x0000000087200000, 0x0000000087200000| Untracked 
| 115|0x0000000087300000, 0x0000000087300000, 0x0000000087400000|  0%| F|  |TAMS 0x0000000087300000, 0x0000000087300000| Untracked 
| 116|0x0000000087400000, 0x0000000087400000, 0x0000000087500000|  0%| F|  |TAMS 0x0000000087400000, 0x0000000087400000| Untracked 
| 117|0x0000000087500000, 0x0000000087500000, 0x0000000087600000|  0%| F|  |TAMS 0x0000000087500000, 0x0000000087500000| Untracked 
| 118|0x0000000087600000, 0x0000000087600000, 0x0000000087700000|  0%| F|  |TAMS 0x0000000087600000, 0x0000000087600000| Untracked 
| 119|0x0000000087700000, 0x0000000087700000, 0x0000000087800000|  0%| F|  |TAMS 0x0000000087700000, 0x0000000087700000| Untracked 
| 120|0x0000000087800000, 0x0000000087800000, 0x0000000087900000|  0%| F|  |TAMS 0x0000000087800000, 0x0000000087800000| Untracked 
| 121|0x0000000087900000, 0x0000000087900000, 0x0000000087a00000|  0%| F|  |TAMS 0x0000000087900000, 0x0000000087900000| Untracked 
| 122|0x0000000087a00000, 0x0000000087a00000, 0x0000000087b00000|  0%| F|  |TAMS 0x0000000087a00000, 0x0000000087a00000| Untracked 
| 123|0x0000000087b00000, 0x0000000087b00000, 0x0000000087c00000|  0%| F|  |TAMS 0x0000000087b00000, 0x0000000087b00000| Untracked 
| 124|0x0000000087c00000, 0x0000000087c00000, 0x0000000087d00000|  0%| F|  |TAMS 0x0000000087c00000, 0x0000000087c00000| Untracked 
| 125|0x0000000087d00000, 0x0000000087d00000, 0x0000000087e00000|  0%| F|  |TAMS 0x0000000087d00000, 0x0000000087d00000| Untracked 
| 126|0x0000000087e00000, 0x0000000087e00000, 0x0000000087f00000|  0%| F|  |TAMS 0x0000000087e00000, 0x0000000087e00000| Untracked 
| 127|0x0000000087f00000, 0x0000000087f00000, 0x0000000088000000|  0%| F|  |TAMS 0x0000000087f00000, 0x0000000087f00000| Untracked 

Card table byte_map: [0x0000022097370000,0x0000022097770000] _byte_map_base: 0x0000022096f70000

Marking Bits (Prev, Next): (CMBitMap*) 0x0000022082ce86d0, (CMBitMap*) 0x0000022082ce8690
 Prev Bits: [0x0000022099b70000, 0x000002209bb70000)
 Next Bits: [0x0000022097b70000, 0x0000022099b70000)

Polling page: 0x0000022082d40000

Metaspace:

Usage:
  Non-class:     49.34 MB used.
      Class:      7.82 MB used.
       Both:     57.16 MB used.

Virtual space:
  Non-class space:       64.00 MB reserved,      49.62 MB ( 78%) committed,  1 nodes.
      Class space:        1.00 GB reserved,       8.06 MB ( <1%) committed,  1 nodes.
             Both:        1.06 GB reserved,      57.69 MB (  5%) committed. 

Chunk freelists:
   Non-Class:  14.41 MB
       Class:  7.94 MB
        Both:  22.34 MB

MaxMetaspaceSize: unlimited
CompressedClassSpaceSize: 1.00 GB
Initial GC threshold: 21.00 MB
Current GC threshold: 94.62 MB
CDS: off
MetaspaceReclaimPolicy: balanced
 - commit_granule_bytes: 65536.
 - commit_granule_words: 8192.
 - virtual_space_node_default_size: 8388608.
 - enlarge_chunks_in_place: 1.
 - new_chunks_are_fully_committed: 0.
 - uncommit_free_chunks: 1.
 - use_allocation_guard: 0.
 - handle_deallocations: 1.


Internal statistics:

num_allocs_failed_limit: 6.
num_arena_births: 656.
num_arena_deaths: 0.
num_vsnodes_births: 2.
num_vsnodes_deaths: 0.
num_space_committed: 923.
num_space_uncommitted: 0.
num_chunks_returned_to_freelist: 6.
num_chunks_taken_from_freelist: 2637.
num_chunk_merges: 6.
num_chunk_splits: 1733.
num_chunks_enlarged: 1165.
num_inconsistent_stats: 0.

CodeHeap 'non-profiled nmethods': size=120000Kb used=2488Kb max_used=3307Kb free=117511Kb
 bounds [0x000002208f400000, 0x000002208f740000, 0x0000022096930000]
CodeHeap 'profiled nmethods': size=120000Kb used=10596Kb max_used=12861Kb free=109404Kb
 bounds [0x0000022087930000, 0x00000220885c0000, 0x000002208ee60000]
CodeHeap 'non-nmethods': size=5760Kb used=1630Kb max_used=1696Kb free=4130Kb
 bounds [0x000002208ee60000, 0x000002208f0d0000, 0x000002208f400000]
 total_blobs=6747 nmethods=6045 adapters=613
 compilation: enabled
              stopped_count=0, restarted_count=0
 full_count=0

Compilation events (20 events):
Event: 12.828 Thread 0x000002209e351b90 6948       4       java.lang.Class::annotationData (44 bytes)
Event: 12.863 Thread 0x000002209e358230 6968       3       java.lang.String::regionMatches (150 bytes)
Event: 12.864 Thread 0x000002209e358230 nmethod 6968 0x00000220885be790 code [0x00000220885be9e0, 0x00000220885bf1e8]
Event: 12.899 Thread 0x000002209e351b90 nmethod 6948 0x000002208f47b390 code [0x000002208f47b780, 0x000002208f47e2b8]
Event: 12.901 Thread 0x000002209e358230 6969       3       org.gradle.internal.classloader.TransformErrorHandler::getLastErrorAndClear (20 bytes)
Event: 12.901 Thread 0x000002209e358230 nmethod 6969 0x0000022087993b10 code [0x0000022087993cc0, 0x0000022087994038]
Event: 12.902 Thread 0x000002209e358230 6970       3       org.gradle.internal.classloader.TransformReplacer::ensureOpened (18 bytes)
Event: 12.902 Thread 0x000002209e358230 nmethod 6970 0x0000022087958610 code [0x00000220879587c0, 0x00000220879589e8]
Event: 12.902 Thread 0x000002209e358230 6971       1       org.gradle.internal.classloader.JarCompat::getJarFile (5 bytes)
Event: 12.902 Thread 0x000002209e358230 nmethod 6971 0x000002208f400e90 code [0x000002208f401020, 0x000002208f4010f8]
Event: 12.905 Thread 0x000002209e351b90 6972       4       java.security.SecureClassLoader$CodeSourceKey::hashCode (21 bytes)
Event: 12.910 Thread 0x000002209e351b90 nmethod 6972 0x000002208f420510 code [0x000002208f4206a0, 0x000002208f420908]
Event: 12.943 Thread 0x000002209e358230 6973       3       com.google.common.collect.MapMakerInternalMap$WeakValueReferenceImpl::<init> (12 bytes)
Event: 12.944 Thread 0x000002209e358230 nmethod 6973 0x0000022087c7ef90 code [0x0000022087c7f140, 0x0000022087c7f4d8]
Event: 12.944 Thread 0x000002209e358230 6974       3       com.google.common.collect.MapMakerInternalMap$StrongKeyWeakValueEntry::access$402 (7 bytes)
Event: 12.944 Thread 0x000002209e358230 nmethod 6974 0x000002208796c190 code [0x000002208796c320, 0x000002208796c478]
Event: 12.944 Thread 0x000002209e358230 6975       3       java.util.zip.ZipFile$ZipFileInflaterInputStream::available (44 bytes)
Event: 12.944 Thread 0x000002209e358230 nmethod 6975 0x0000022087d08610 code [0x0000022087d087e0, 0x0000022087d08b48]
Event: 12.944 Thread 0x000002209e358230 6976   !   3       java.util.zip.Inflater::getBytesWritten (23 bytes)
Event: 12.944 Thread 0x000002209e358230 nmethod 6976 0x0000022087986e90 code [0x0000022087987040, 0x0000022087987268]

GC Heap History (20 events):
Event: 6.779 GC heap after
{Heap after GC invocations=9 (full 0):
 garbage-first heap   total 71680K, used 23583K [0x0000000080000000, 0x0000000100000000)
  region size 1024K, 4 young (4096K), 4 survivors (4096K)
 Metaspace       used 34667K, committed 35072K, reserved 1114112K
  class space    used 4732K, committed 4928K, reserved 1048576K
}
Event: 6.898 GC heap before
{Heap before GC invocations=9 (full 0):
 garbage-first heap   total 71680K, used 29727K [0x0000000080000000, 0x0000000100000000)
  region size 1024K, 11 young (11264K), 4 survivors (4096K)
 Metaspace       used 35745K, committed 36096K, reserved 1114112K
  class space    used 4880K, committed 5056K, reserved 1048576K
}
Event: 6.904 GC heap after
{Heap after GC invocations=10 (full 0):
 garbage-first heap   total 71680K, used 23865K [0x0000000080000000, 0x0000000100000000)
  region size 1024K, 2 young (2048K), 2 survivors (2048K)
 Metaspace       used 35745K, committed 36096K, reserved 1114112K
  class space    used 4880K, committed 5056K, reserved 1048576K
}
Event: 7.561 GC heap before
{Heap before GC invocations=11 (full 0):
 garbage-first heap   total 71680K, used 55609K [0x0000000080000000, 0x0000000100000000)
  region size 1024K, 34 young (34816K), 2 survivors (2048K)
 Metaspace       used 41323K, committed 41664K, reserved 1114112K
  class space    used 5477K, committed 5632K, reserved 1048576K
}
Event: 7.570 GC heap after
{Heap after GC invocations=12 (full 0):
 garbage-first heap   total 71680K, used 28120K [0x0000000080000000, 0x0000000100000000)
  region size 1024K, 5 young (5120K), 5 survivors (5120K)
 Metaspace       used 41323K, committed 41664K, reserved 1114112K
  class space    used 5477K, committed 5632K, reserved 1048576K
}
Event: 7.578 GC heap before
{Heap before GC invocations=12 (full 0):
 garbage-first heap   total 71680K, used 29144K [0x0000000080000000, 0x0000000100000000)
  region size 1024K, 6 young (6144K), 5 survivors (5120K)
 Metaspace       used 41323K, committed 41664K, reserved 1114112K
  class space    used 5477K, committed 5632K, reserved 1048576K
}
Event: 7.589 GC heap after
{Heap after GC invocations=13 (full 0):
 garbage-first heap   total 110592K, used 28229K [0x0000000080000000, 0x0000000100000000)
  region size 1024K, 1 young (1024K), 1 survivors (1024K)
 Metaspace       used 41323K, committed 41664K, reserved 1114112K
  class space    used 5477K, committed 5632K, reserved 1048576K
}
Event: 8.673 GC heap before
{Heap before GC invocations=13 (full 0):
 garbage-first heap   total 110592K, used 83525K [0x0000000080000000, 0x0000000100000000)
  region size 1024K, 55 young (56320K), 1 survivors (1024K)
 Metaspace       used 46114K, committed 46592K, reserved 1114112K
  class space    used 6261K, committed 6464K, reserved 1048576K
}
Event: 8.679 GC heap after
{Heap after GC invocations=14 (full 0):
 garbage-first heap   total 110592K, used 31566K [0x0000000080000000, 0x0000000100000000)
  region size 1024K, 4 young (4096K), 4 survivors (4096K)
 Metaspace       used 46114K, committed 46592K, reserved 1114112K
  class space    used 6261K, committed 6464K, reserved 1048576K
}
Event: 9.955 GC heap before
{Heap before GC invocations=14 (full 0):
 garbage-first heap   total 110592K, used 85838K [0x0000000080000000, 0x0000000100000000)
  region size 1024K, 55 young (56320K), 4 survivors (4096K)
 Metaspace       used 53221K, committed 53632K, reserved 1114112K
  class space    used 7293K, committed 7488K, reserved 1048576K
}
Event: 9.964 GC heap after
{Heap after GC invocations=15 (full 0):
 garbage-first heap   total 110592K, used 34059K [0x0000000080000000, 0x0000000100000000)
  region size 1024K, 6 young (6144K), 6 survivors (6144K)
 Metaspace       used 53221K, committed 53632K, reserved 1114112K
  class space    used 7293K, committed 7488K, reserved 1048576K
}
Event: 11.522 GC heap before
{Heap before GC invocations=15 (full 0):
 garbage-first heap   total 110592K, used 86283K [0x0000000080000000, 0x0000000100000000)
  region size 1024K, 57 young (58368K), 6 survivors (6144K)
 Metaspace       used 56639K, committed 57152K, reserved 1114112K
  class space    used 7747K, committed 8000K, reserved 1048576K
}
Event: 11.538 GC heap after
{Heap after GC invocations=16 (full 0):
 garbage-first heap   total 110592K, used 40316K [0x0000000080000000, 0x0000000100000000)
  region size 1024K, 8 young (8192K), 8 survivors (8192K)
 Metaspace       used 56639K, committed 57152K, reserved 1114112K
  class space    used 7747K, committed 8000K, reserved 1048576K
}
Event: 12.476 GC heap before
{Heap before GC invocations=16 (full 0):
 garbage-first heap   total 110592K, used 92540K [0x0000000080000000, 0x0000000100000000)
  region size 1024K, 50 young (51200K), 8 survivors (8192K)
 Metaspace       used 57493K, committed 58048K, reserved 1114112K
  class space    used 7855K, committed 8128K, reserved 1048576K
}
Event: 12.492 GC heap after
{Heap after GC invocations=17 (full 0):
 garbage-first heap   total 110592K, used 59245K [0x0000000080000000, 0x0000000100000000)
  region size 1024K, 7 young (7168K), 7 survivors (7168K)
 Metaspace       used 57493K, committed 58048K, reserved 1114112K
  class space    used 7855K, committed 8128K, reserved 1048576K
}
Event: 12.508 GC heap before
{Heap before GC invocations=17 (full 0):
 garbage-first heap   total 110592K, used 60269K [0x0000000080000000, 0x0000000100000000)
  region size 1024K, 8 young (8192K), 7 survivors (7168K)
 Metaspace       used 57493K, committed 58048K, reserved 1114112K
  class space    used 7855K, committed 8128K, reserved 1048576K
}
Event: 12.513 GC heap after
{Heap after GC invocations=18 (full 0):
 garbage-first heap   total 110592K, used 62300K [0x0000000080000000, 0x0000000100000000)
  region size 1024K, 2 young (2048K), 2 survivors (2048K)
 Metaspace       used 57493K, committed 58048K, reserved 1114112K
  class space    used 7855K, committed 8128K, reserved 1048576K
}
Event: 12.911 GC heap before
{Heap before GC invocations=19 (full 0):
 garbage-first heap   total 114688K, used 78684K [0x0000000080000000, 0x0000000100000000)
  region size 1024K, 17 young (17408K), 2 survivors (2048K)
 Metaspace       used 58452K, committed 59008K, reserved 1114112K
  class space    used 7997K, committed 8256K, reserved 1048576K
}
Event: 12.914 GC heap after
{Heap after GC invocations=20 (full 0):
 garbage-first heap   total 114688K, used 63993K [0x0000000080000000, 0x0000000100000000)
  region size 1024K, 3 young (3072K), 3 survivors (3072K)
 Metaspace       used 58452K, committed 59008K, reserved 1114112K
  class space    used 7997K, committed 8256K, reserved 1048576K
}
Event: 12.949 GC heap before
{Heap before GC invocations=20 (full 0):
 garbage-first heap   total 114688K, used 65017K [0x0000000080000000, 0x0000000100000000)
  region size 1024K, 5 young (5120K), 3 survivors (3072K)
 Metaspace       used 58534K, committed 59072K, reserved 1114112K
  class space    used 8006K, committed 8256K, reserved 1048576K
}

Dll operation events (3 events):
Event: 0.030 Loaded shared library C:\Program Files\Android\Android Studio\jbr\bin\java.dll
Event: 0.294 Loaded shared library C:\Program Files\Android\Android Studio\jbr\bin\zip.dll
Event: 1.128 Loaded shared library C:\Program Files\Android\Android Studio\jbr\bin\verify.dll

Deoptimization events (20 events):
Event: 12.807 Thread 0x00000220a3795a90 Uncommon trap: trap_request=0xffffffde fr.pc=0x000002208f675454 relative=0x00000000000062f4
Event: 12.807 Thread 0x00000220a3795a90 Uncommon trap: reason=class_check action=maybe_recompile pc=0x000002208f675454 method=java.util.jar.JarFile.getManifestFromReference()Ljava/util/jar/Manifest; @ 152 c2
Event: 12.807 Thread 0x00000220a3795a90 DEOPT PACKING pc=0x000002208f675454 sp=0x0000003559bf6ff0
Event: 12.807 Thread 0x00000220a3795a90 DEOPT UNPACKING pc=0x000002208eeb69a3 sp=0x0000003559bf6e48 mode 2
Event: 12.809 Thread 0x00000220a3795a90 Uncommon trap: trap_request=0xffffffde fr.pc=0x000002208f61f50c relative=0x000000000000090c
Event: 12.809 Thread 0x00000220a3795a90 Uncommon trap: reason=class_check action=maybe_recompile pc=0x000002208f61f50c method=java.io.BufferedInputStream.read1([BII)I @ 39 c2
Event: 12.809 Thread 0x00000220a3795a90 DEOPT PACKING pc=0x000002208f61f50c sp=0x0000003559bf6e40
Event: 12.809 Thread 0x00000220a3795a90 DEOPT UNPACKING pc=0x000002208eeb69a3 sp=0x0000003559bf6d58 mode 2
Event: 12.809 Thread 0x00000220a3795a90 Uncommon trap: trap_request=0xffffffde fr.pc=0x000002208f61f50c relative=0x000000000000090c
Event: 12.809 Thread 0x00000220a3795a90 Uncommon trap: reason=class_check action=maybe_recompile pc=0x000002208f61f50c method=java.io.BufferedInputStream.read1([BII)I @ 39 c2
Event: 12.809 Thread 0x00000220a3795a90 DEOPT PACKING pc=0x000002208f61f50c sp=0x0000003559bf6e40
Event: 12.809 Thread 0x00000220a3795a90 DEOPT UNPACKING pc=0x000002208eeb69a3 sp=0x0000003559bf6d58 mode 2
Event: 12.809 Thread 0x00000220a3795a90 Uncommon trap: trap_request=0xffffffde fr.pc=0x000002208f61f50c relative=0x000000000000090c
Event: 12.809 Thread 0x00000220a3795a90 Uncommon trap: reason=class_check action=maybe_recompile pc=0x000002208f61f50c method=java.io.BufferedInputStream.read1([BII)I @ 39 c2
Event: 12.809 Thread 0x00000220a3795a90 DEOPT PACKING pc=0x000002208f61f50c sp=0x0000003559bf6e40
Event: 12.809 Thread 0x00000220a3795a90 DEOPT UNPACKING pc=0x000002208eeb69a3 sp=0x0000003559bf6d58 mode 2
Event: 12.926 Thread 0x00000220a3795a90 Uncommon trap: trap_request=0xffffffde fr.pc=0x000002208f675454 relative=0x00000000000062f4
Event: 12.926 Thread 0x00000220a3795a90 Uncommon trap: reason=class_check action=maybe_recompile pc=0x000002208f675454 method=java.util.jar.JarFile.getManifestFromReference()Ljava/util/jar/Manifest; @ 152 c2
Event: 12.926 Thread 0x00000220a3795a90 DEOPT PACKING pc=0x000002208f675454 sp=0x0000003559bf6880
Event: 12.926 Thread 0x00000220a3795a90 DEOPT UNPACKING pc=0x000002208eeb69a3 sp=0x0000003559bf66d8 mode 2

Classes unloaded (0 events):
No events

Classes redefined (0 events):
No events

Internal exceptions (20 events):
Event: 10.445 Thread 0x00000220a3795a90 Exception <a 'java/lang/NoSuchMethodError'{0x0000000085a13150}: 'java.lang.Object java.lang.invoke.DirectMethodHandle$Holder.invokeSpecial(java.lang.Object, java.lang.Object, java.lang.Object, java.lang.Object, java.lang.Object, java.lang.Object, int)'> (0x0000000085a13150) 
thrown [s\src\hotspot\share\interpreter\linkResolver.cpp, line 771]
Event: 10.446 Thread 0x00000220a3795a90 Exception <a 'java/lang/NoSuchMethodError'{0x0000000085a17f30}: 'java.lang.Object java.lang.invoke.Invokers$Holder.linkToTargetMethod(java.lang.Object, java.lang.Object, java.lang.Object, java.lang.Object, int, java.lang.Object)'> (0x0000000085a17f30) 
thrown [s\src\hotspot\share\interpreter\linkResolver.cpp, line 771]
Event: 10.453 Thread 0x00000220a3795a90 Exception <a 'java/lang/NoSuchMethodError'{0x0000000085a4ac58}: 'java.lang.Object java.lang.invoke.DirectMethodHandle$Holder.invokeSpecial(java.lang.Object, java.lang.Object, java.lang.Object, java.lang.Object, java.lang.Object, long)'> (0x0000000085a4ac58) 
thrown [s\src\hotspot\share\interpreter\linkResolver.cpp, line 771]
Event: 10.455 Thread 0x00000220a3795a90 Exception <a 'java/lang/NoSuchMethodError'{0x0000000085a6e078}: 'void java.lang.invoke.DirectMethodHandle$Holder.invokeStatic(java.lang.Object, java.lang.Object, java.lang.Object, int, java.lang.Object)'> (0x0000000085a6e078) 
thrown [s\src\hotspot\share\interpreter\linkResolver.cpp, line 771]
Event: 11.268 Thread 0x00000220a3795a90 Exception <a 'java/lang/NoSuchMethodError'{0x0000000084414708}: 'java.lang.Object java.lang.invoke.DirectMethodHandle$Holder.newInvokeSpecial(java.lang.Object, java.lang.Object, java.lang.Object, java.lang.Object, int, java.lang.Object)'> (0x0000000084414708) 
thrown [s\src\hotspot\share\interpreter\linkResolver.cpp, line 771]
Event: 11.269 Thread 0x00000220a3795a90 Exception <a 'java/lang/NoSuchMethodError'{0x0000000084419a60}: 'java.lang.Object java.lang.invoke.Invokers$Holder.linkToTargetMethod(java.lang.Object, java.lang.Object, java.lang.Object, int, java.lang.Object, java.lang.Object)'> (0x0000000084419a60) 
thrown [s\src\hotspot\share\interpreter\linkResolver.cpp, line 771]
Event: 11.972 Thread 0x00000220a3795a90 Exception <a 'java/lang/NoSuchMethodError'{0x000000008519c0e8}: 'long java.lang.invoke.DirectMethodHandle$Holder.invokeVirtual(java.lang.Object, java.lang.Object)'> (0x000000008519c0e8) 
thrown [s\src\hotspot\share\interpreter\linkResolver.cpp, line 771]
Event: 11.975 Thread 0x00000220a3795580 Exception <a 'java/lang/NoSuchMethodError'{0x0000000085008128}: static Lorg/gradle/internal/build/event/types/DefaultOperationFinishedProgressEvent;.<clinit>()V> (0x0000000085008128) 
thrown [s\src\hotspot\share\prims\jni.cpp, line 1127]
Event: 11.978 Thread 0x00000220a3795580 Exception <a 'java/lang/NoSuchMethodError'{0x000000008502eb20}: static Lorg/gradle/internal/build/event/types/DefaultProjectConfigurationSuccessResult;.<clinit>()V> (0x000000008502eb20) 
thrown [s\src\hotspot\share\prims\jni.cpp, line 1127]
Event: 11.980 Thread 0x00000220a3795580 Exception <a 'java/lang/NoSuchMethodError'{0x0000000085032e08}: static Lorg/gradle/internal/build/event/types/AbstractProjectConfigurationResult;.<clinit>()V> (0x0000000085032e08) 
thrown [s\src\hotspot\share\prims\jni.cpp, line 1127]
Event: 11.980 Thread 0x00000220a3795580 Exception <a 'java/lang/NoSuchMethodError'{0x0000000085034308}: static Lorg/gradle/internal/build/event/types/AbstractOperationResult;.<clinit>()V> (0x0000000085034308) 
thrown [s\src\hotspot\share\prims\jni.cpp, line 1127]
Event: 11.981 Thread 0x00000220a3795580 Exception <a 'java/lang/NoSuchMethodError'{0x0000000085035508}: static Lorg/gradle/internal/build/event/types/AbstractResult;.<clinit>()V> (0x0000000085035508) 
thrown [s\src\hotspot\share\prims\jni.cpp, line 1127]
Event: 11.984 Thread 0x00000220a3795580 Exception <a 'java/lang/NoSuchMethodError'{0x000000008504be90}: static Lorg/gradle/internal/build/event/types/DefaultPluginApplicationResult;.<clinit>()V> (0x000000008504be90) 
thrown [s\src\hotspot\share\prims\jni.cpp, line 1127]
Event: 11.985 Thread 0x00000220a3795580 Exception <a 'java/lang/NoSuchMethodError'{0x0000000085057598}: static Lorg/gradle/internal/build/event/types/DefaultBinaryPluginIdentifier;.<clinit>()V> (0x0000000085057598) 
thrown [s\src\hotspot\share\prims\jni.cpp, line 1127]
Event: 11.988 Thread 0x00000220a3795580 Exception <a 'java/lang/NoSuchMethodError'{0x00000000850eefb8}: static Lorg/gradle/internal/build/event/types/DefaultScriptPluginIdentifier;.<clinit>()V> (0x00000000850eefb8) 
thrown [s\src\hotspot\share\prims\jni.cpp, line 1127]
Event: 12.251 Thread 0x00000220a3795a90 Exception <a 'java/lang/NoSuchMethodError'{0x000000008485d2d8}: 'void java.lang.invoke.Invokers$Holder.invoke_MT(java.lang.Object, java.lang.Object, java.lang.Object, java.lang.Object)'> (0x000000008485d2d8) 
thrown [s\src\hotspot\share\interpreter\linkResolver.cpp, line 771]
Event: 12.266 Thread 0x00000220a3795a90 Exception <a 'java/lang/NoSuchMethodError'{0x00000000848dc650}: 'java.lang.Object java.lang.invoke.DirectMethodHandle$Holder.invokeSpecial(java.lang.Object, java.lang.Object, java.lang.Object, int, java.lang.Object, java.lang.Object)'> (0x00000000848dc650) 
thrown [s\src\hotspot\share\interpreter\linkResolver.cpp, line 771]
Event: 12.603 Thread 0x00000220a3795a90 Exception <a 'java/lang/ClassNotFoundException'{0x0000000086718910}: sun/misc/SharedSecrets> (0x0000000086718910) 
thrown [s\src\hotspot\share\classfile\systemDictionary.cpp, line 256]
Event: 12.603 Thread 0x00000220a3795a90 Exception <a 'java/lang/ClassNotFoundException'{0x0000000086719ee8}: org/gradle/api/internal/plugins/DefaultObjectConfigurationActionBeanInfo> (0x0000000086719ee8) 
thrown [s\src\hotspot\share\classfile\systemDictionary.cpp, line 256]
Event: 12.604 Thread 0x00000220a3795a90 Exception <a 'java/lang/ClassNotFoundException'{0x0000000086730190}: org/gradle/api/internal/plugins/DefaultObjectConfigurationActionCustomizer> (0x0000000086730190) 
thrown [s\src\hotspot\share\classfile\systemDictionary.cpp, line 256]

VM Operations (20 events):
Event: 11.946 Executing VM operation: HandshakeAllThreads done
Event: 12.162 Executing VM operation: ICBufferFull
Event: 12.162 Executing VM operation: ICBufferFull done
Event: 12.476 Executing VM operation: G1CollectForAllocation
Event: 12.492 Executing VM operation: G1CollectForAllocation done
Event: 12.508 Executing VM operation: G1TryInitiateConcMark
Event: 12.513 Executing VM operation: G1TryInitiateConcMark done
Event: 12.620 Executing VM operation: G1PauseRemark
Event: 12.625 Executing VM operation: G1PauseRemark done
Event: 12.671 Executing VM operation: G1PauseCleanup
Event: 12.671 Executing VM operation: G1PauseCleanup done
Event: 12.826 Executing VM operation: HandshakeAllThreads
Event: 12.826 Executing VM operation: HandshakeAllThreads done
Event: 12.864 Executing VM operation: HandshakeAllThreads
Event: 12.864 Executing VM operation: HandshakeAllThreads done
Event: 12.899 Executing VM operation: HandshakeAllThreads
Event: 12.899 Executing VM operation: HandshakeAllThreads done
Event: 12.911 Executing VM operation: G1CollectForAllocation
Event: 12.914 Executing VM operation: G1CollectForAllocation done
Event: 12.949 Executing VM operation: G1CollectForAllocation

Events (20 events):
Event: 12.906 Thread 0x000002209e3693f0 flushing nmethod 0x00000220882e1010
Event: 12.906 Thread 0x000002209e3693f0 flushing nmethod 0x00000220882e7d10
Event: 12.906 Thread 0x000002209e3693f0 flushing nmethod 0x00000220882e8410
Event: 12.906 Thread 0x000002209e3693f0 flushing nmethod 0x000002208830d410
Event: 12.906 Thread 0x000002209e3693f0 flushing nmethod 0x0000022088321010
Event: 12.906 Thread 0x000002209e3693f0 flushing nmethod 0x0000022088397110
Event: 12.906 Thread 0x000002209e3693f0 flushing nmethod 0x0000022088398810
Event: 12.906 Thread 0x000002209e3693f0 flushing nmethod 0x000002208839ca90
Event: 12.906 Thread 0x000002209e3693f0 flushing nmethod 0x00000220883a4c10
Event: 12.906 Thread 0x000002209e3693f0 flushing nmethod 0x00000220883afa10
Event: 12.906 Thread 0x000002209e3693f0 flushing nmethod 0x00000220883b7a10
Event: 12.906 Thread 0x000002209e3693f0 flushing nmethod 0x00000220883f1610
Event: 12.906 Thread 0x000002209e3693f0 flushing nmethod 0x00000220883f4410
Event: 12.906 Thread 0x000002209e3693f0 flushing nmethod 0x000002208840f010
Event: 12.907 Thread 0x000002209e3693f0 flushing nmethod 0x000002208841b510
Event: 12.907 Thread 0x000002209e3693f0 flushing nmethod 0x000002208842b390
Event: 12.907 Thread 0x000002209e3693f0 flushing nmethod 0x000002208843da90
Event: 12.907 Thread 0x000002209e3693f0 flushing nmethod 0x000002208846d290
Event: 12.907 Thread 0x000002209e3693f0 flushing nmethod 0x00000220884cb310
Event: 12.907 Thread 0x000002209e3693f0 flushing nmethod 0x00000220884f0390


Dynamic libraries:
0x00007ff706f80000 - 0x00007ff706f8a000 	C:\Program Files\Android\Android Studio\jbr\bin\java.exe
0x00007ff87fd70000 - 0x00007ff87ff87000 	C:\Windows\SYSTEM32\ntdll.dll
0x00007ff87e930000 - 0x00007ff87e9f4000 	C:\Windows\System32\KERNEL32.DLL
0x00007ff87d3d0000 - 0x00007ff87d787000 	C:\Windows\System32\KERNELBASE.dll
0x00007ff87d800000 - 0x00007ff87d911000 	C:\Windows\System32\ucrtbase.dll
0x00007ff853af0000 - 0x00007ff853b07000 	C:\Program Files\Android\Android Studio\jbr\bin\jli.dll
0x00007ff872ac0000 - 0x00007ff872adb000 	C:\Program Files\Android\Android Studio\jbr\bin\VCRUNTIME140.dll
0x00007ff87dd60000 - 0x00007ff87df0f000 	C:\Windows\System32\USER32.dll
0x00007ff87da70000 - 0x00007ff87da96000 	C:\Windows\System32\win32u.dll
0x00007ff87daa0000 - 0x00007ff87dac9000 	C:\Windows\System32\GDI32.dll
0x00007ff87d950000 - 0x00007ff87da68000 	C:\Windows\System32\gdi32full.dll
0x00007ff87d080000 - 0x00007ff87d11a000 	C:\Windows\System32\msvcp_win.dll
0x00007ff865040000 - 0x00007ff8652d3000 	C:\Windows\WinSxS\amd64_microsoft.windows.common-controls_6595b64144ccf1df_6.0.22621.3672_none_2713b9d173822955\COMCTL32.dll
0x00007ff87e450000 - 0x00007ff87e4f7000 	C:\Windows\System32\msvcrt.dll
0x00007ff87fcf0000 - 0x00007ff87fd21000 	C:\Windows\System32\IMM32.DLL
0x00007ff872ab0000 - 0x00007ff872abc000 	C:\Program Files\Android\Android Studio\jbr\bin\vcruntime140_1.dll
0x00007ff862b60000 - 0x00007ff862bed000 	C:\Program Files\Android\Android Studio\jbr\bin\msvcp140.dll
0x00007ff833b70000 - 0x00007ff8347f3000 	C:\Program Files\Android\Android Studio\jbr\bin\server\jvm.dll
0x00007ff87dc90000 - 0x00007ff87dd42000 	C:\Windows\System32\ADVAPI32.dll
0x00007ff87ea80000 - 0x00007ff87eb28000 	C:\Windows\System32\sechost.dll
0x00007ff87d920000 - 0x00007ff87d948000 	C:\Windows\System32\bcrypt.dll
0x00007ff87fbc0000 - 0x00007ff87fcd4000 	C:\Windows\System32\RPCRT4.dll
0x00007ff87cf50000 - 0x00007ff87cf9d000 	C:\Windows\SYSTEM32\POWRPROF.dll
0x00007ff865300000 - 0x00007ff865309000 	C:\Windows\SYSTEM32\WSOCK32.dll
0x00007ff872b50000 - 0x00007ff872b84000 	C:\Windows\SYSTEM32\WINMM.dll
0x00007ff87ea00000 - 0x00007ff87ea71000 	C:\Windows\System32\WS2_32.dll
0x00007ff877100000 - 0x00007ff87710a000 	C:\Windows\SYSTEM32\VERSION.dll
0x00007ff87cf30000 - 0x00007ff87cf43000 	C:\Windows\SYSTEM32\UMPDC.dll
0x00007ff87c090000 - 0x00007ff87c0a8000 	C:\Windows\SYSTEM32\kernel.appcore.dll
0x00007ff863f60000 - 0x00007ff863f6a000 	C:\Program Files\Android\Android Studio\jbr\bin\jimage.dll
0x00007ff877920000 - 0x00007ff877b52000 	C:\Windows\SYSTEM32\DBGHELP.DLL
0x00007ff87df10000 - 0x00007ff87e29e000 	C:\Windows\System32\combase.dll
0x00007ff87ecf0000 - 0x00007ff87edc7000 	C:\Windows\System32\OLEAUT32.dll
0x00007ff8653e0000 - 0x00007ff865412000 	C:\Windows\SYSTEM32\dbgcore.DLL
0x00007ff87d120000 - 0x00007ff87d19b000 	C:\Windows\System32\bcryptPrimitives.dll
0x00007ff872e50000 - 0x00007ff872e5e000 	C:\Program Files\Android\Android Studio\jbr\bin\instrument.dll
0x00007ff863af0000 - 0x00007ff863b15000 	C:\Program Files\Android\Android Studio\jbr\bin\java.dll
0x00007ff863c60000 - 0x00007ff863c78000 	C:\Program Files\Android\Android Studio\jbr\bin\zip.dll
0x00007ff87ee60000 - 0x00007ff87f6c9000 	C:\Windows\System32\SHELL32.dll
0x00007ff87afa0000 - 0x00007ff87b89f000 	C:\Windows\SYSTEM32\windows.storage.dll
0x00007ff87ae60000 - 0x00007ff87af9f000 	C:\Windows\SYSTEM32\wintypes.dll
0x00007ff87e830000 - 0x00007ff87e929000 	C:\Windows\System32\SHCORE.dll
0x00007ff87e370000 - 0x00007ff87e3ce000 	C:\Windows\System32\shlwapi.dll
0x00007ff87cfb0000 - 0x00007ff87cfd7000 	C:\Windows\SYSTEM32\profapi.dll
0x00007ff863ad0000 - 0x00007ff863ae9000 	C:\Program Files\Android\Android Studio\jbr\bin\net.dll
0x00007ff8755a0000 - 0x00007ff8756d6000 	C:\Windows\SYSTEM32\WINHTTP.dll
0x00007ff87c4f0000 - 0x00007ff87c559000 	C:\Windows\system32\mswsock.dll
0x00007ff8631b0000 - 0x00007ff8631c6000 	C:\Program Files\Android\Android Studio\jbr\bin\nio.dll
0x00007ff863190000 - 0x00007ff8631a0000 	C:\Program Files\Android\Android Studio\jbr\bin\verify.dll
0x00007ff868b60000 - 0x00007ff868b87000 	C:\Users\91775\.gradle\native\c067742578af261105cb4f569cf0c3c89f3d7b1fecec35dd04571415982c5e48\windows-amd64\native-platform.dll
0x00007ff81d6d0000 - 0x00007ff81d814000 	C:\Users\91775\.gradle\native\38dada09dfb8b06ba9b0570ebf7e218e3eb74d4ef43ca46872605cf95ebc2f47\windows-amd64\native-platform-file-events.dll
0x00007ff863ac0000 - 0x00007ff863ac9000 	C:\Program Files\Android\Android Studio\jbr\bin\management.dll
0x00007ff8631a0000 - 0x00007ff8631ab000 	C:\Program Files\Android\Android Studio\jbr\bin\management_ext.dll
0x00007ff87dd50000 - 0x00007ff87dd58000 	C:\Windows\System32\PSAPI.DLL
0x00007ff87c840000 - 0x00007ff87c85b000 	C:\Windows\SYSTEM32\CRYPTSP.dll
0x00007ff87bff0000 - 0x00007ff87c025000 	C:\Windows\system32\rsaenh.dll
0x00007ff87c590000 - 0x00007ff87c5b8000 	C:\Windows\SYSTEM32\USERENV.dll
0x00007ff87c820000 - 0x00007ff87c82c000 	C:\Windows\SYSTEM32\CRYPTBASE.dll
0x00007ff87bb00000 - 0x00007ff87bb2d000 	C:\Windows\SYSTEM32\IPHLPAPI.DLL
0x00007ff87f6e0000 - 0x00007ff87f6e9000 	C:\Windows\System32\NSI.dll
0x00007ff875400000 - 0x00007ff875419000 	C:\Windows\SYSTEM32\dhcpcsvc6.DLL
0x00007ff8753a0000 - 0x00007ff8753bf000 	C:\Windows\SYSTEM32\dhcpcsvc.DLL
0x00007ff87bb70000 - 0x00007ff87bc72000 	C:\Windows\SYSTEM32\DNSAPI.dll
0x00007ff863b40000 - 0x00007ff863b49000 	C:\Program Files\Android\Android Studio\jbr\bin\extnet.dll
0x00007ff874c40000 - 0x00007ff874c48000 	C:\Windows\system32\wshunix.dll

dbghelp: loaded successfully - version: 4.0.5 - missing functions: none
symbol engine: initialized successfully - sym options: 0x614 - pdb path: .;C:\Program Files\Android\Android Studio\jbr\bin;C:\Windows\SYSTEM32;C:\Windows\WinSxS\amd64_microsoft.windows.common-controls_6595b64144ccf1df_6.0.22621.3672_none_2713b9d173822955;C:\Program Files\Android\Android Studio\jbr\bin\server;C:\Users\91775\.gradle\native\c067742578af261105cb4f569cf0c3c89f3d7b1fecec35dd04571415982c5e48\windows-amd64;C:\Users\91775\.gradle\native\38dada09dfb8b06ba9b0570ebf7e218e3eb74d4ef43ca46872605cf95ebc2f47\windows-amd64

VM Arguments:
jvm_args: --add-opens=java.base/java.util=ALL-UNNAMED --add-opens=java.base/java.lang=ALL-UNNAMED --add-opens=java.base/java.lang.invoke=ALL-UNNAMED --add-opens=java.prefs/java.util.prefs=ALL-UNNAMED --add-opens=java.base/java.nio.charset=ALL-UNNAMED --add-opens=java.base/java.net=ALL-UNNAMED --add-opens=java.base/java.util.concurrent.atomic=ALL-UNNAMED -Xmx2048m -Dfile.encoding=UTF-8 -Duser.country=IN -Duser.language=en -Duser.variant -javaagent:C:\Users\91775\.gradle\wrapper\dists\gradle-8.7-bin\bhs2wmbdwecv87pi65oeuq5iu\gradle-8.7\lib\agents\gradle-instrumentation-agent-8.7.jar 
java_command: org.gradle.launcher.daemon.bootstrap.GradleDaemon 8.7
java_class_path (initial): C:\Users\91775\.gradle\wrapper\dists\gradle-8.7-bin\bhs2wmbdwecv87pi65oeuq5iu\gradle-8.7\lib\gradle-launcher-8.7.jar
Launcher Type: SUN_STANDARD

[Global flags]
     intx CICompilerCount                          = 3                                         {product} {ergonomic}
     uint ConcGCThreads                            = 1                                         {product} {ergonomic}
     uint G1ConcRefinementThreads                  = 4                                         {product} {ergonomic}
   size_t G1HeapRegionSize                         = 1048576                                   {product} {ergonomic}
    uintx GCDrainStackTargetSize                   = 64                                        {product} {ergonomic}
   size_t InitialHeapSize                          = 134217728                                 {product} {ergonomic}
   size_t MarkStackSize                            = 4194304                                   {product} {ergonomic}
   size_t MaxHeapSize                              = 2147483648                                {product} {command line}
   size_t MaxNewSize                               = 1287651328                                {product} {ergonomic}
   size_t MinHeapDeltaBytes                        = 1048576                                   {product} {ergonomic}
   size_t MinHeapSize                              = 8388608                                   {product} {ergonomic}
    uintx NonNMethodCodeHeapSize                   = 5832780                                {pd product} {ergonomic}
    uintx NonProfiledCodeHeapSize                  = 122912730                              {pd product} {ergonomic}
    uintx ProfiledCodeHeapSize                     = 122912730                              {pd product} {ergonomic}
    uintx ReservedCodeCacheSize                    = 251658240                              {pd product} {ergonomic}
     bool SegmentedCodeCache                       = true                                      {product} {ergonomic}
   size_t SoftMaxHeapSize                          = 2147483648                             {manageable} {ergonomic}
     bool UseCompressedClassPointers               = true                           {product lp64_product} {ergonomic}
     bool UseCompressedOops                        = true                           {product lp64_product} {ergonomic}
     bool UseG1GC                                  = true                                      {product} {ergonomic}
     bool UseLargePagesIndividualAllocation        = false                                  {pd product} {ergonomic}

Logging:
Log output configuration:
 #0: stdout all=warning uptime,level,tags
 #1: stderr all=off uptime,level,tags

Environment Variables:
JAVA_HOME=C:\Program Files\Java\jdk-17.0.1
CLASSPATH=C:\Windows\system32;C:\Windows;C:\Windows\System32\Wbem;C:\Windows\System32\WindowsPowerShell\v1.0\;C:\Windows\System32\OpenSSH\;C:\Program Files\Microsoft\Web Platform Installer\;C:\Program Files (x86)\Microsoft ASP.NET\ASP.NET Web Pages\v1.0\;C:\Program Files (x86)\Windows Kits\8.0\Windows Performance Toolkit\;C:\Program Files\Java\jdk-17.0.1;C:\Program Files\Apache Software Foundation\Tomcat 10.1\lib\jsp-api.jar;C:\Program Files\Apache Software Foundation\Tomcat 10.1\lib\servlet-api.jar;C:\Program Files\Java\jdk-17.0.1\bin;C:\oraclexe\app\oracle\product\10.2.0\server\jdbc\lib\ojdbc14.jar;C:\oraclexe\app\oracle\product\10.2.0\server\jdbc\lib\ojdbc14_g.jar;C:\MinGW\bin;
PATH=C:\Users\91775\AppData\Local\Programs\Python\Launcher\;C:\Users\91775\AppData\Local\Microsoft\WindowsApps;C:\oraclexe\app\oracle\product\10.2.0\server\jdbc\lib\ojdbc14.jar;C:\MinGW\bin;C:\Users\91775\AppData\Local\Programs\Microsoft VS Code\bin
USERNAME=91775
OS=Windows_NT
PROCESSOR_IDENTIFIER=Intel64 Family 6 Model 78 Stepping 3, GenuineIntel
TMP=C:\Users\91775\AppData\Local\Temp
TEMP=C:\Users\91775\AppData\Local\Temp



Periodic native trim disabled

JNI global refs:
JNI global refs: 25, weak refs: 0

JNI global refs memory usage: 843, weak refs: 841

Process memory usage:
Resident Set Size: 290024K (3% of 8266340K total physical memory with 58980K free physical memory)

OOME stack traces (most recent first):
Classloader memory used:
Loader org.gradle.internal.classloader.VisitableURLClassLoader                         : 3491K
Loader bootstrap                                                                       : 2464K
Loader org.gradle.initialization.MixInLegacyTypesClassLoader                           : 1112K
Loader org.gradle.internal.classloader.VisitableURLClassLoader$InstrumentingVisitableURLClassLoader: 113K
Loader jdk.internal.loader.ClassLoaders$PlatformClassLoader                            : 66826B
Loader jdk.internal.loader.ClassLoaders$AppClassLoader                                 : 28747B
Loader jdk.internal.reflect.DelegatingClassLoader                                      : 21364B
Loader org.gradle.internal.classloader.VisitableURLClassLoader                         : 19832B

Classes loaded by more than one classloader:
Class Program                                                                         : loaded 4 times (x 72B)
Class com.google.common.collect.SingletonImmutableList                                : loaded 2 times (x 167B)
Class org.gradle.internal.classpath.ClassPath                                         : loaded 2 times (x 68B)
Class org.gradle.api.internal.classpath.DefaultModuleRegistry                         : loaded 2 times (x 84B)
Class Settings_gradle$1$1                                                             : loaded 2 times (x 72B)
Class com.google.common.base.CharMatcher$JavaDigit                                    : loaded 2 times (x 109B)
Class com.google.common.base.CharMatcher$Digit                                        : loaded 2 times (x 110B)
Class org.gradle.api.Action                                                           : loaded 2 times (x 68B)
Class com.google.common.collect.Lists$StringAsImmutableList                           : loaded 2 times (x 167B)
Class com.google.common.base.CharMatcher                                              : loaded 2 times (x 109B)
Class com.google.common.base.CharMatcher$IsNot                                        : loaded 2 times (x 109B)
Class com.google.common.base.Splitter                                                 : loaded 2 times (x 70B)
Class org.gradle.api.internal.DefaultClassPathProvider                                : loaded 2 times (x 74B)
Class org.gradle.internal.installation.GradleInstallation$1                           : loaded 2 times (x 73B)
Class com.google.common.base.CharMatcher$BitSetMatcher                                : loaded 2 times (x 110B)
Class com.google.common.base.Predicate                                                : loaded 2 times (x 68B)
Class org.gradle.internal.classloader.FilteringClassLoader                            : loaded 2 times (x 103B)
Class org.gradle.internal.classpath.DefaultClassPath$ImmutableUniqueList$Builder      : loaded 2 times (x 73B)
Class com.google.common.base.CharMatcher$InRange                                      : loaded 2 times (x 109B)
Class com.google.common.collect.Lists                                                 : loaded 2 times (x 69B)
Class org.gradle.internal.classloader.ClassLoaderVisitor                              : loaded 2 times (x 74B)
Class org.gradle.internal.service.DefaultServiceLocator                               : loaded 2 times (x 81B)
Class org.gradle.internal.service.UnknownServiceException                             : loaded 2 times (x 81B)
Class org.gradle.internal.classloader.DefaultClassLoaderFactory                       : loaded 2 times (x 80B)
Class com.google.common.collect.UnmodifiableIterator                                  : loaded 2 times (x 78B)
Class com.google.common.base.CharMatcher$SingleWidth                                  : loaded 2 times (x 110B)
Class com.google.common.base.JdkPattern                                               : loaded 2 times (x 73B)
Class org.gradle.internal.classloader.VisitableURLClassLoader$Spec                    : loaded 2 times (x 72B)
Class org.gradle.api.GradleException                                                  : loaded 2 times (x 80B)
Class com.google.common.base.CharMatcher$JavaLetterOrDigit                            : loaded 2 times (x 109B)
Class org.gradle.api.internal.classpath.ModuleRegistry                                : loaded 2 times (x 68B)
Class com.google.common.collect.ImmutableCollection                                   : loaded 2 times (x 123B)
Class org.gradle.api.internal.ClassPathProvider                                       : loaded 2 times (x 68B)
Class org.gradle.internal.classloader.ClasspathUtil$1                                 : loaded 2 times (x 74B)
Class com.google.common.collect.ImmutableList$ReverseImmutableList                    : loaded 2 times (x 168B)
Class org.gradle.internal.classloader.ClassLoaderFactory                              : loaded 2 times (x 68B)
Class com.google.common.collect.ObjectArrays                                          : loaded 2 times (x 69B)
Class com.google.common.collect.ImmutableList                                         : loaded 2 times (x 166B)
Class org.gradle.api.internal.classpath.ManifestUtil                                  : loaded 2 times (x 69B)
Class org.gradle.api.specs.Spec                                                       : loaded 2 times (x 68B)
Class com.google.common.base.CharMatcher$Whitespace                                   : loaded 2 times (x 110B)
Class com.google.common.base.Preconditions                                            : loaded 2 times (x 69B)
Class org.gradle.internal.IoActions                                                   : loaded 2 times (x 69B)
Class com.google.common.collect.CollectPreconditions                                  : loaded 2 times (x 69B)
Class com.google.common.collect.AbstractIndexedListIterator                           : loaded 2 times (x 94B)
Class com.google.common.base.CharMatcher$None                                         : loaded 2 times (x 110B)
Class org.gradle.api.internal.classpath.EffectiveClassPath                            : loaded 2 times (x 88B)
Class com.google.common.collect.UnmodifiableListIterator                              : loaded 2 times (x 93B)
Class com.google.common.collect.ImmutableList$1                                       : loaded 2 times (x 95B)
Class com.google.common.base.Splitter$Strategy                                        : loaded 2 times (x 68B)
Class org.gradle.internal.installation.CurrentGradleInstallation                      : loaded 2 times (x 71B)
Class org.gradle.internal.agents.InstrumentingClassLoader                             : loaded 2 times (x 68B)
Class org.gradle.internal.installation.CurrentGradleInstallationLocator               : loaded 2 times (x 69B)
Class org.gradle.api.internal.classpath.Module                                        : loaded 2 times (x 68B)
Class com.google.common.base.Splitter$1$1                                             : loaded 2 times (x 84B)
Class org.gradle.internal.service.CachingServiceLocator                               : loaded 2 times (x 80B)
Class org.gradle.internal.classpath.DefaultClassPath                                  : loaded 2 times (x 88B)
Class com.google.common.base.Splitter$SplittingIterator                               : loaded 2 times (x 82B)
Class Build_gradle$1                                                                  : loaded 2 times (x 76B)
Class com.google.common.base.CharMatcher$Is                                           : loaded 2 times (x 109B)
Class com.google.common.collect.RegularImmutableAsList                                : loaded 2 times (x 176B)
Class org.gradle.internal.classloader.SystemClassLoaderSpec                           : loaded 2 times (x 69B)
Class [Lcom.google.common.base.AbstractIterator$State;                                : loaded 2 times (x 67B)
Class com.google.common.base.AbstractIterator                                         : loaded 2 times (x 78B)
Class com.google.common.base.AbstractIterator$1                                       : loaded 2 times (x 69B)
Class com.google.common.base.CharMatcher$1                                            : loaded 2 times (x 111B)
Class com.google.common.base.CharMatcher$Ascii                                        : loaded 2 times (x 110B)
Class org.gradle.api.UncheckedIOException                                             : loaded 2 times (x 80B)
Class com.google.common.base.CharMatcher$And                                          : loaded 2 times (x 110B)
Class com.google.common.base.CharMatcher$Any                                          : loaded 2 times (x 110B)
Class org.gradle.internal.installation.GradleInstallation                             : loaded 2 times (x 73B)
Class com.google.common.base.CharMatcher$RangesMatcher                                : loaded 2 times (x 110B)
Class com.google.common.collect.ImmutableList$SubList                                 : loaded 2 times (x 168B)
Class org.gradle.internal.classloader.ClasspathUtil                                   : loaded 2 times (x 69B)
Class com.google.common.base.Splitter$1                                               : loaded 2 times (x 75B)
Class org.gradle.api.internal.DefaultClassPathRegistry                                : loaded 2 times (x 74B)
Class org.gradle.api.internal.classpath.DefaultModuleRegistry$DefaultModule           : loaded 2 times (x 84B)
Class com.google.common.base.CharMatcher$JavaIsoControl                               : loaded 2 times (x 110B)
Class com.google.common.base.CharMatcher$Or                                           : loaded 2 times (x 110B)
Class org.gradle.kotlin.dsl.VersionCatalogAccessorsKt                                 : loaded 2 times (x 69B)
Class com.google.common.base.CharMatcher$JavaLowerCase                                : loaded 2 times (x 109B)
Class org.gradle.api.internal.classpath.UnknownModuleException                        : loaded 2 times (x 80B)
Class com.google.common.base.CommonPattern                                            : loaded 2 times (x 72B)
Class org.gradle.internal.service.ServiceLookupException                              : loaded 2 times (x 80B)
Class org.gradle.cache.GlobalCache                                                    : loaded 2 times (x 68B)
Class com.google.common.base.CharMatcher$NegatedFastMatcher                           : loaded 2 times (x 111B)
Class [Lorg.gradle.api.internal.ClassPathProvider;                                    : loaded 2 times (x 67B)
Class org.gradle.util.internal.GUtil                                                  : loaded 2 times (x 69B)
Class org.gradle.internal.classloader.ClassLoaderSpec                                 : loaded 2 times (x 69B)
Class com.google.common.base.NullnessCasts                                            : loaded 2 times (x 69B)
Class com.google.common.base.CharMatcher$Negated                                      : loaded 2 times (x 111B)
Class com.google.common.base.CharMatcher$ForPredicate                                 : loaded 2 times (x 110B)
Class org.gradle.internal.classloader.VisitableURLClassLoader                         : loaded 2 times (x 115B)
Class org.gradle.internal.Cast                                                        : loaded 2 times (x 69B)
Class Build_gradle                                                                    : loaded 2 times (x 70B)
Class org.gradle.api.internal.ClassPathRegistry                                       : loaded 2 times (x 68B)
Class org.gradle.internal.classloader.VisitableURLClassLoader$InstrumentingVisitableURLClassLoader: loaded 2 times (x 121B)
Class org.gradle.internal.classloader.ClassLoaderHierarchy                            : loaded 2 times (x 68B)
Class com.google.common.base.AbstractIterator$State                                   : loaded 2 times (x 77B)
Class com.google.common.base.CharMatcher$NamedFastMatcher                             : loaded 2 times (x 110B)
Class org.gradle.internal.InternalTransformer                                         : loaded 2 times (x 68B)
Class org.gradle.internal.service.ServiceLocator                                      : loaded 2 times (x 68B)
Class Settings_gradle$1                                                               : loaded 2 times (x 72B)
Class com.google.common.base.CharMatcher$Invisible                                    : loaded 2 times (x 110B)
Class com.google.common.base.CharMatcher$FastMatcher                                  : loaded 2 times (x 109B)
Class org.gradle.internal.classpath.DefaultClassPath$ImmutableUniqueList              : loaded 2 times (x 159B)
Class com.google.common.base.CharMatcher$JavaLetter                                   : loaded 2 times (x 109B)
Class org.gradle.internal.classpath.TransformedClassPath                              : loaded 2 times (x 94B)
Class Settings_gradle                                                                 : loaded 2 times (x 126B)
Class com.google.common.collect.ImmutableAsList                                       : loaded 2 times (x 169B)
Class com.google.common.base.CharMatcher$AnyOf                                        : loaded 2 times (x 110B)
Class com.google.common.base.CharMatcher$IsEither                                     : loaded 2 times (x 109B)
Class com.google.common.collect.RegularImmutableList                                  : loaded 2 times (x 172B)
Class com.google.common.base.CharMatcher$JavaUpperCase                                : loaded 2 times (x 109B)


---------------  S Y S T E M  ---------------

OS:
 Windows 11 , 64 bit Build 22621 (10.0.22621.3958)
OS uptime: 0 days 1:43 hours
Hyper-V role detected

CPU: total 4 (initial active 4) (2 cores per cpu, 2 threads per core) family 6 model 78 stepping 3 microcode 0xea, cx8, cmov, fxsr, ht, mmx, 3dnowpref, sse, sse2, sse3, ssse3, sse4.1, sse4.2, popcnt, lzcnt, tsc, tscinvbit, avx, avx2, aes, erms, clmul, bmi1, bmi2, rtm, adx, fma, vzeroupper, clflush, clflushopt, hv
Processor Information for all 4 processors :
  Max Mhz: 2496, Current Mhz: 2396, Mhz Limit: 2396

Memory: 4k page, system-wide physical 8072M (57M free)
TotalPageFile size 10120M (AvailPageFile size 25M)
current process WorkingSet (physical memory assigned to process): 283M, peak: 283M
current process commit charge ("private bytes"): 323M, peak: 445M

vm_info: OpenJDK 64-Bit Server VM (17.0.11+0--11852314) for windows-amd64 JRE (17.0.11+0--11852314), built on May 16 2024 21:29:20 by "androidbuild" with MS VC++ 16.10 / 16.11 (VS2019)

END.
